The system is: Linux - 5.4.0-204-generic - x86_64
Compiling the C compiler identification source file "CMakeCCompilerId.c" succeeded.
Compiler: /home/rpdzkj/fifth/wjy/linux/t113-i-linux/out/t113/evb1_auto_nand/longan/buildroot/host/bin/arm-linux-gnueabi-gcc 
Build flags: -DLV_CONF_INCLUDE_SIMPLE;-I;/home/rpdzkj/fifth/wjy/linux/t113-i-linux/lvgl8-tina/lv_g2d_test/src
Id flags:  

The output was:
0


Compilation of the C compiler identification source "CMakeCCompilerId.c" produced "a.out"

The C compiler identification is GNU, found in "/home/rpdzkj/fifth/wjy/linux/t113-i-linux/lvgl8-tina/lv_drivers/CMakeFiles/3.16.3/CompilerIdC/a.out"

Compiling the CXX compiler identification source file "CMakeCXXCompilerId.cpp" succeeded.
Compiler: /usr/bin/c++ 
Build flags: 
Id flags:  

The output was:
0


Compilation of the CXX compiler identification source "CMakeCXXCompilerId.cpp" produced "a.out"

The CXX compiler identification is GNU, found in "/home/rpdzkj/fifth/wjy/linux/t113-i-linux/lvgl8-tina/lv_drivers/CMakeFiles/3.16.3/CompilerIdCXX/a.out"

Determining if the C compiler works passed with the following output:
Change Dir: /home/rpdzkj/fifth/wjy/linux/t113-i-linux/lvgl8-tina/lv_drivers/CMakeFiles/CMakeTmp

Run Build Command(s):/usr/bin/make cmTC_1f321/fast && /usr/bin/make -f CMakeFiles/cmTC_1f321.dir/build.make CMakeFiles/cmTC_1f321.dir/build
make[1]: Entering directory '/home/rpdzkj/fifth/wjy/linux/t113-i-linux/lvgl8-tina/lv_drivers/CMakeFiles/CMakeTmp'
Building C object CMakeFiles/cmTC_1f321.dir/testCCompiler.c.o
/home/rpdzkj/fifth/wjy/linux/t113-i-linux/out/t113/evb1_auto_nand/longan/buildroot/host/bin/arm-linux-gnueabi-gcc   -DLV_CONF_INCLUDE_SIMPLE -I /home/rpdzkj/fifth/wjy/linux/t113-i-linux/lvgl8-tina/lv_g2d_test/src    -o CMakeFiles/cmTC_1f321.dir/testCCompiler.c.o   -c /home/rpdzkj/fifth/wjy/linux/t113-i-linux/lvgl8-tina/lv_drivers/CMakeFiles/CMakeTmp/testCCompiler.c
Linking C executable cmTC_1f321
/usr/bin/cmake -E cmake_link_script CMakeFiles/cmTC_1f321.dir/link.txt --verbose=1
/home/rpdzkj/fifth/wjy/linux/t113-i-linux/out/t113/evb1_auto_nand/longan/buildroot/host/bin/arm-linux-gnueabi-gcc -DLV_CONF_INCLUDE_SIMPLE -I /home/rpdzkj/fifth/wjy/linux/t113-i-linux/lvgl8-tina/lv_g2d_test/src     CMakeFiles/cmTC_1f321.dir/testCCompiler.c.o  -o cmTC_1f321 
make[1]: Leaving directory '/home/rpdzkj/fifth/wjy/linux/t113-i-linux/lvgl8-tina/lv_drivers/CMakeFiles/CMakeTmp'



Detecting C compiler ABI info compiled with the following output:
Change Dir: /home/rpdzkj/fifth/wjy/linux/t113-i-linux/lvgl8-tina/lv_drivers/CMakeFiles/CMakeTmp

Run Build Command(s):/usr/bin/make cmTC_4339f/fast && /usr/bin/make -f CMakeFiles/cmTC_4339f.dir/build.make CMakeFiles/cmTC_4339f.dir/build
make[1]: Entering directory '/home/rpdzkj/fifth/wjy/linux/t113-i-linux/lvgl8-tina/lv_drivers/CMakeFiles/CMakeTmp'
Building C object CMakeFiles/cmTC_4339f.dir/CMakeCCompilerABI.c.o
/home/rpdzkj/fifth/wjy/linux/t113-i-linux/out/t113/evb1_auto_nand/longan/buildroot/host/bin/arm-linux-gnueabi-gcc   -DLV_CONF_INCLUDE_SIMPLE -I /home/rpdzkj/fifth/wjy/linux/t113-i-linux/lvgl8-tina/lv_g2d_test/src    -v -o CMakeFiles/cmTC_4339f.dir/CMakeCCompilerABI.c.o   -c /usr/share/cmake-3.16/Modules/CMakeCCompilerABI.c
Using built-in specs.
COLLECT_GCC=/home/rpdzkj/fifth/wjy/linux/t113-i-linux/out/t113/evb1_auto_nand/longan/buildroot/host/opt/ext-toolchain/bin/arm-linux-gnueabi-gcc
Target: arm-linux-gnueabi
Configured with: '/home/tcwg-buildslave/workspace/tcwg-make-release/builder_arch/amd64/label/tcwg-x86_64-build/target/arm-linux-gnueabi/snapshots/gcc.git~linaro-7.3-2018.05/configure' SHELL=/bin/bash --with-mpc=/home/tcwg-buildslave/workspace/tcwg-make-release/builder_arch/amd64/label/tcwg-x86_64-build/target/arm-linux-gnueabi/_build/builds/destdir/x86_64-unknown-linux-gnu --with-mpfr=/home/tcwg-buildslave/workspace/tcwg-make-release/builder_arch/amd64/label/tcwg-x86_64-build/target/arm-linux-gnueabi/_build/builds/destdir/x86_64-unknown-linux-gnu --with-gmp=/home/tcwg-buildslave/workspace/tcwg-make-release/builder_arch/amd64/label/tcwg-x86_64-build/target/arm-linux-gnueabi/_build/builds/destdir/x86_64-unknown-linux-gnu --with-gnu-as --with-gnu-ld --disable-libmudflap --enable-lto --enable-shared --without-included-gettext --enable-nls --with-system-zlib --disable-sjlj-exceptions --enable-gnu-unique-object --enable-linker-build-id --disable-libstdcxx-pch --enable-c99 --enable-clocale=gnu --enable-libstdcxx-debug --enable-long-long --with-cloog=no --with-ppl=no --with-isl=no --disable-multilib --with-float=soft --with-mode=thumb --with-tune=cortex-a9 --with-arch=armv7-a --enable-threads=posix --enable-multiarch --enable-libstdcxx-time=yes --enable-gnu-indirect-function --with-build-sysroot=/home/tcwg-buildslave/workspace/tcwg-make-release/builder_arch/amd64/label/tcwg-x86_64-build/target/arm-linux-gnueabi/_build/sysroots/arm-linux-gnueabi --with-sysroot=/home/tcwg-buildslave/workspace/tcwg-make-release/builder_arch/amd64/label/tcwg-x86_64-build/target/arm-linux-gnueabi/_build/builds/destdir/x86_64-unknown-linux-gnu/arm-linux-gnueabi/libc --enable-checking=release --disable-bootstrap --enable-languages=c,c++,fortran,lto --build=x86_64-unknown-linux-gnu --host=x86_64-unknown-linux-gnu --target=arm-linux-gnueabi --prefix=/home/tcwg-buildslave/workspace/tcwg-make-release/builder_arch/amd64/label/tcwg-x86_64-build/target/arm-linux-gnueabi/_build/builds/destdir/x86_64-unknown-linux-gnu
Thread model: posix
gcc version 7.3.1 20180425 [linaro-7.3-2018.05 revision d29120a424ecfbc167ef90065c0eeb7f91977701] (Linaro GCC 7.3-2018.05) 
COLLECT_GCC_OPTIONS='-mabi=aapcs-linux' '-mfpu=vfpv4-d16' '-marm' '-mfloat-abi=softfp' '-mcpu=cortex-a7' '-D' 'LV_CONF_INCLUDE_SIMPLE' '-I' '/home/rpdzkj/fifth/wjy/linux/t113-i-linux/lvgl8-tina/lv_g2d_test/src' '-v' '-o' 'CMakeFiles/cmTC_4339f.dir/CMakeCCompilerABI.c.o' '-c' '-mtls-dialect=gnu'
 /home/rpdzkj/fifth/wjy/linux/t113-i-linux/out/t113/evb1_auto_nand/longan/buildroot/host/opt/ext-toolchain/bin/../libexec/gcc/arm-linux-gnueabi/7.3.1/cc1 -quiet -v -I /home/rpdzkj/fifth/wjy/linux/t113-i-linux/lvgl8-tina/lv_g2d_test/src -imultilib . -imultiarch arm-linux-gnueabi -iprefix /home/rpdzkj/fifth/wjy/linux/t113-i-linux/out/t113/evb1_auto_nand/longan/buildroot/host/opt/ext-toolchain/bin/../lib/gcc/arm-linux-gnueabi/7.3.1/ -isysroot /home/rpdzkj/fifth/wjy/linux/t113-i-linux/out/t113/evb1_auto_nand/longan/buildroot/host/arm-buildroot-linux-gnueabi/sysroot -D LV_CONF_INCLUDE_SIMPLE /usr/share/cmake-3.16/Modules/CMakeCCompilerABI.c -quiet -dumpbase CMakeCCompilerABI.c -mabi=aapcs-linux -mfpu=vfpv4-d16 -marm -mfloat-abi=softfp -mcpu=cortex-a7 -mtls-dialect=gnu -auxbase-strip CMakeFiles/cmTC_4339f.dir/CMakeCCompilerABI.c.o -version -o /tmp/ccq7gMCs.s
GNU C11 (Linaro GCC 7.3-2018.05) version 7.3.1 20180425 [linaro-7.3-2018.05 revision d29120a424ecfbc167ef90065c0eeb7f91977701] (arm-linux-gnueabi)
	compiled by GNU C version 4.8.4, GMP version 6.1.2, MPFR version 3.1.5, MPC version 1.0.3, isl version none
GGC heuristics: --param ggc-min-expand=100 --param ggc-min-heapsize=131072
ignoring duplicate directory "/home/rpdzkj/fifth/wjy/linux/t113-i-linux/out/t113/evb1_auto_nand/longan/buildroot/host/opt/ext-toolchain/bin/../lib/gcc/../../lib/gcc/arm-linux-gnueabi/7.3.1/include"
ignoring nonexistent directory "/home/rpdzkj/fifth/wjy/linux/t113-i-linux/out/t113/evb1_auto_nand/longan/buildroot/host/arm-buildroot-linux-gnueabi/sysroot/usr/local/include/arm-linux-gnueabi"
ignoring nonexistent directory "/home/rpdzkj/fifth/wjy/linux/t113-i-linux/out/t113/evb1_auto_nand/longan/buildroot/host/arm-buildroot-linux-gnueabi/sysroot/usr/local/include"
ignoring duplicate directory "/home/rpdzkj/fifth/wjy/linux/t113-i-linux/out/t113/evb1_auto_nand/longan/buildroot/host/opt/ext-toolchain/bin/../lib/gcc/../../lib/gcc/arm-linux-gnueabi/7.3.1/include-fixed"
ignoring duplicate directory "/home/rpdzkj/fifth/wjy/linux/t113-i-linux/out/t113/evb1_auto_nand/longan/buildroot/host/opt/ext-toolchain/bin/../lib/gcc/../../lib/gcc/arm-linux-gnueabi/7.3.1/../../../../arm-linux-gnueabi/include"
ignoring nonexistent directory "/home/rpdzkj/fifth/wjy/linux/t113-i-linux/out/t113/evb1_auto_nand/longan/buildroot/host/arm-buildroot-linux-gnueabi/sysroot/usr/include/arm-linux-gnueabi"
#include "..." search starts here:
#include <...> search starts here:
 /home/rpdzkj/fifth/wjy/linux/t113-i-linux/lvgl8-tina/lv_g2d_test/src
 /home/rpdzkj/fifth/wjy/linux/t113-i-linux/out/t113/evb1_auto_nand/longan/buildroot/host/opt/ext-toolchain/bin/../lib/gcc/arm-linux-gnueabi/7.3.1/include
 /home/rpdzkj/fifth/wjy/linux/t113-i-linux/out/t113/evb1_auto_nand/longan/buildroot/host/opt/ext-toolchain/bin/../lib/gcc/arm-linux-gnueabi/7.3.1/include-fixed
 /home/rpdzkj/fifth/wjy/linux/t113-i-linux/out/t113/evb1_auto_nand/longan/buildroot/host/opt/ext-toolchain/bin/../lib/gcc/arm-linux-gnueabi/7.3.1/../../../../arm-linux-gnueabi/include
 /home/rpdzkj/fifth/wjy/linux/t113-i-linux/out/t113/evb1_auto_nand/longan/buildroot/host/arm-buildroot-linux-gnueabi/sysroot/usr/include
End of search list.
GNU C11 (Linaro GCC 7.3-2018.05) version 7.3.1 20180425 [linaro-7.3-2018.05 revision d29120a424ecfbc167ef90065c0eeb7f91977701] (arm-linux-gnueabi)
	compiled by GNU C version 4.8.4, GMP version 6.1.2, MPFR version 3.1.5, MPC version 1.0.3, isl version none
GGC heuristics: --param ggc-min-expand=100 --param ggc-min-heapsize=131072
Compiler executable checksum: 404974a81fee3312674ecb0f82587bc5
COLLECT_GCC_OPTIONS='-mabi=aapcs-linux' '-mfpu=vfpv4-d16' '-marm' '-mfloat-abi=softfp' '-mcpu=cortex-a7' '-D' 'LV_CONF_INCLUDE_SIMPLE' '-I' '/home/rpdzkj/fifth/wjy/linux/t113-i-linux/lvgl8-tina/lv_g2d_test/src' '-v' '-o' 'CMakeFiles/cmTC_4339f.dir/CMakeCCompilerABI.c.o' '-c' '-mtls-dialect=gnu'
 /home/rpdzkj/fifth/wjy/linux/t113-i-linux/out/t113/evb1_auto_nand/longan/buildroot/host/opt/ext-toolchain/bin/../lib/gcc/arm-linux-gnueabi/7.3.1/../../../../arm-linux-gnueabi/bin/as -v -I /home/rpdzkj/fifth/wjy/linux/t113-i-linux/lvgl8-tina/lv_g2d_test/src -mcpu=cortex-a7 -mfloat-abi=softfp -mfpu=vfpv4-d16 -meabi=5 -o CMakeFiles/cmTC_4339f.dir/CMakeCCompilerABI.c.o /tmp/ccq7gMCs.s
GNU assembler version 2.28.2 (arm-linux-gnueabi) using BFD version (Linaro_Binutils-2018.05) 2.28.2.20170706
COMPILER_PATH=/home/rpdzkj/fifth/wjy/linux/t113-i-linux/out/t113/evb1_auto_nand/longan/buildroot/host/opt/ext-toolchain/bin/../libexec/gcc/arm-linux-gnueabi/7.3.1/:/home/rpdzkj/fifth/wjy/linux/t113-i-linux/out/t113/evb1_auto_nand/longan/buildroot/host/opt/ext-toolchain/bin/../libexec/gcc/arm-linux-gnueabi/:/home/rpdzkj/fifth/wjy/linux/t113-i-linux/out/t113/evb1_auto_nand/longan/buildroot/host/opt/ext-toolchain/bin/../libexec/gcc/:/home/rpdzkj/fifth/wjy/linux/t113-i-linux/out/t113/evb1_auto_nand/longan/buildroot/host/opt/ext-toolchain/bin/../lib/gcc/arm-linux-gnueabi/7.3.1/../../../../arm-linux-gnueabi/bin/
LIBRARY_PATH=/home/rpdzkj/fifth/wjy/linux/t113-i-linux/out/t113/evb1_auto_nand/longan/buildroot/host/opt/ext-toolchain/bin/../lib/gcc/arm-linux-gnueabi/7.3.1/:/home/rpdzkj/fifth/wjy/linux/t113-i-linux/out/t113/evb1_auto_nand/longan/buildroot/host/opt/ext-toolchain/bin/../lib/gcc/arm-linux-gnueabi/:/home/rpdzkj/fifth/wjy/linux/t113-i-linux/out/t113/evb1_auto_nand/longan/buildroot/host/opt/ext-toolchain/bin/../lib/gcc/:/home/rpdzkj/fifth/wjy/linux/t113-i-linux/out/t113/evb1_auto_nand/longan/buildroot/host/opt/ext-toolchain/bin/../lib/gcc/arm-linux-gnueabi/7.3.1/../../../../arm-linux-gnueabi/lib/:/home/rpdzkj/fifth/wjy/linux/t113-i-linux/out/t113/evb1_auto_nand/longan/buildroot/host/arm-buildroot-linux-gnueabi/sysroot/lib/:/home/rpdzkj/fifth/wjy/linux/t113-i-linux/out/t113/evb1_auto_nand/longan/buildroot/host/arm-buildroot-linux-gnueabi/sysroot/usr/lib/
COLLECT_GCC_OPTIONS='-mabi=aapcs-linux' '-mfpu=vfpv4-d16' '-marm' '-mfloat-abi=softfp' '-mcpu=cortex-a7' '-D' 'LV_CONF_INCLUDE_SIMPLE' '-I' '/home/rpdzkj/fifth/wjy/linux/t113-i-linux/lvgl8-tina/lv_g2d_test/src' '-v' '-o' 'CMakeFiles/cmTC_4339f.dir/CMakeCCompilerABI.c.o' '-c' '-mtls-dialect=gnu'
Linking C executable cmTC_4339f
/usr/bin/cmake -E cmake_link_script CMakeFiles/cmTC_4339f.dir/link.txt --verbose=1
/home/rpdzkj/fifth/wjy/linux/t113-i-linux/out/t113/evb1_auto_nand/longan/buildroot/host/bin/arm-linux-gnueabi-gcc -DLV_CONF_INCLUDE_SIMPLE -I /home/rpdzkj/fifth/wjy/linux/t113-i-linux/lvgl8-tina/lv_g2d_test/src    -v CMakeFiles/cmTC_4339f.dir/CMakeCCompilerABI.c.o  -o cmTC_4339f 
Using built-in specs.
COLLECT_GCC=/home/rpdzkj/fifth/wjy/linux/t113-i-linux/out/t113/evb1_auto_nand/longan/buildroot/host/opt/ext-toolchain/bin/arm-linux-gnueabi-gcc
COLLECT_LTO_WRAPPER=/home/rpdzkj/fifth/wjy/linux/t113-i-linux/out/t113/evb1_auto_nand/longan/buildroot/host/opt/ext-toolchain/bin/../libexec/gcc/arm-linux-gnueabi/7.3.1/lto-wrapper
Target: arm-linux-gnueabi
Configured with: '/home/tcwg-buildslave/workspace/tcwg-make-release/builder_arch/amd64/label/tcwg-x86_64-build/target/arm-linux-gnueabi/snapshots/gcc.git~linaro-7.3-2018.05/configure' SHELL=/bin/bash --with-mpc=/home/tcwg-buildslave/workspace/tcwg-make-release/builder_arch/amd64/label/tcwg-x86_64-build/target/arm-linux-gnueabi/_build/builds/destdir/x86_64-unknown-linux-gnu --with-mpfr=/home/tcwg-buildslave/workspace/tcwg-make-release/builder_arch/amd64/label/tcwg-x86_64-build/target/arm-linux-gnueabi/_build/builds/destdir/x86_64-unknown-linux-gnu --with-gmp=/home/tcwg-buildslave/workspace/tcwg-make-release/builder_arch/amd64/label/tcwg-x86_64-build/target/arm-linux-gnueabi/_build/builds/destdir/x86_64-unknown-linux-gnu --with-gnu-as --with-gnu-ld --disable-libmudflap --enable-lto --enable-shared --without-included-gettext --enable-nls --with-system-zlib --disable-sjlj-exceptions --enable-gnu-unique-object --enable-linker-build-id --disable-libstdcxx-pch --enable-c99 --enable-clocale=gnu --enable-libstdcxx-debug --enable-long-long --with-cloog=no --with-ppl=no --with-isl=no --disable-multilib --with-float=soft --with-mode=thumb --with-tune=cortex-a9 --with-arch=armv7-a --enable-threads=posix --enable-multiarch --enable-libstdcxx-time=yes --enable-gnu-indirect-function --with-build-sysroot=/home/tcwg-buildslave/workspace/tcwg-make-release/builder_arch/amd64/label/tcwg-x86_64-build/target/arm-linux-gnueabi/_build/sysroots/arm-linux-gnueabi --with-sysroot=/home/tcwg-buildslave/workspace/tcwg-make-release/builder_arch/amd64/label/tcwg-x86_64-build/target/arm-linux-gnueabi/_build/builds/destdir/x86_64-unknown-linux-gnu/arm-linux-gnueabi/libc --enable-checking=release --disable-bootstrap --enable-languages=c,c++,fortran,lto --build=x86_64-unknown-linux-gnu --host=x86_64-unknown-linux-gnu --target=arm-linux-gnueabi --prefix=/home/tcwg-buildslave/workspace/tcwg-make-release/builder_arch/amd64/label/tcwg-x86_64-build/target/arm-linux-gnueabi/_build/builds/destdir/x86_64-unknown-linux-gnu
Thread model: posix
gcc version 7.3.1 20180425 [linaro-7.3-2018.05 revision d29120a424ecfbc167ef90065c0eeb7f91977701] (Linaro GCC 7.3-2018.05) 
COMPILER_PATH=/home/rpdzkj/fifth/wjy/linux/t113-i-linux/out/t113/evb1_auto_nand/longan/buildroot/host/opt/ext-toolchain/bin/../libexec/gcc/arm-linux-gnueabi/7.3.1/:/home/rpdzkj/fifth/wjy/linux/t113-i-linux/out/t113/evb1_auto_nand/longan/buildroot/host/opt/ext-toolchain/bin/../libexec/gcc/arm-linux-gnueabi/:/home/rpdzkj/fifth/wjy/linux/t113-i-linux/out/t113/evb1_auto_nand/longan/buildroot/host/opt/ext-toolchain/bin/../libexec/gcc/:/home/rpdzkj/fifth/wjy/linux/t113-i-linux/out/t113/evb1_auto_nand/longan/buildroot/host/opt/ext-toolchain/bin/../lib/gcc/arm-linux-gnueabi/7.3.1/../../../../arm-linux-gnueabi/bin/
LIBRARY_PATH=/home/rpdzkj/fifth/wjy/linux/t113-i-linux/out/t113/evb1_auto_nand/longan/buildroot/host/opt/ext-toolchain/bin/../lib/gcc/arm-linux-gnueabi/7.3.1/:/home/rpdzkj/fifth/wjy/linux/t113-i-linux/out/t113/evb1_auto_nand/longan/buildroot/host/opt/ext-toolchain/bin/../lib/gcc/arm-linux-gnueabi/:/home/rpdzkj/fifth/wjy/linux/t113-i-linux/out/t113/evb1_auto_nand/longan/buildroot/host/opt/ext-toolchain/bin/../lib/gcc/:/home/rpdzkj/fifth/wjy/linux/t113-i-linux/out/t113/evb1_auto_nand/longan/buildroot/host/opt/ext-toolchain/bin/../lib/gcc/arm-linux-gnueabi/7.3.1/../../../../arm-linux-gnueabi/lib/:/home/rpdzkj/fifth/wjy/linux/t113-i-linux/out/t113/evb1_auto_nand/longan/buildroot/host/arm-buildroot-linux-gnueabi/sysroot/lib/:/home/rpdzkj/fifth/wjy/linux/t113-i-linux/out/t113/evb1_auto_nand/longan/buildroot/host/arm-buildroot-linux-gnueabi/sysroot/usr/lib/
COLLECT_GCC_OPTIONS='-mabi=aapcs-linux' '-mfpu=vfpv4-d16' '-marm' '-mfloat-abi=softfp' '-mcpu=cortex-a7' '-D' 'LV_CONF_INCLUDE_SIMPLE' '-I' '/home/rpdzkj/fifth/wjy/linux/t113-i-linux/lvgl8-tina/lv_g2d_test/src' '-v' '-o' 'cmTC_4339f' '-mtls-dialect=gnu'
 /home/rpdzkj/fifth/wjy/linux/t113-i-linux/out/t113/evb1_auto_nand/longan/buildroot/host/opt/ext-toolchain/bin/../libexec/gcc/arm-linux-gnueabi/7.3.1/collect2 -plugin /home/rpdzkj/fifth/wjy/linux/t113-i-linux/out/t113/evb1_auto_nand/longan/buildroot/host/opt/ext-toolchain/bin/../libexec/gcc/arm-linux-gnueabi/7.3.1/liblto_plugin.so -plugin-opt=/home/rpdzkj/fifth/wjy/linux/t113-i-linux/out/t113/evb1_auto_nand/longan/buildroot/host/opt/ext-toolchain/bin/../libexec/gcc/arm-linux-gnueabi/7.3.1/lto-wrapper -plugin-opt=-fresolution=/tmp/cc2Evsrh.res -plugin-opt=-pass-through=-lgcc -plugin-opt=-pass-through=-lgcc_s -plugin-opt=-pass-through=-lc -plugin-opt=-pass-through=-lgcc -plugin-opt=-pass-through=-lgcc_s --sysroot=/home/rpdzkj/fifth/wjy/linux/t113-i-linux/out/t113/evb1_auto_nand/longan/buildroot/host/arm-buildroot-linux-gnueabi/sysroot --build-id --eh-frame-hdr -dynamic-linker /lib/ld-linux.so.3 -X -m armelf_linux_eabi -o cmTC_4339f /home/rpdzkj/fifth/wjy/linux/t113-i-linux/out/t113/evb1_auto_nand/longan/buildroot/host/arm-buildroot-linux-gnueabi/sysroot/usr/lib/crt1.o /home/rpdzkj/fifth/wjy/linux/t113-i-linux/out/t113/evb1_auto_nand/longan/buildroot/host/arm-buildroot-linux-gnueabi/sysroot/usr/lib/crti.o /home/rpdzkj/fifth/wjy/linux/t113-i-linux/out/t113/evb1_auto_nand/longan/buildroot/host/opt/ext-toolchain/bin/../lib/gcc/arm-linux-gnueabi/7.3.1/crtbegin.o -L/home/rpdzkj/fifth/wjy/linux/t113-i-linux/out/t113/evb1_auto_nand/longan/buildroot/host/opt/ext-toolchain/bin/../lib/gcc/arm-linux-gnueabi/7.3.1 -L/home/rpdzkj/fifth/wjy/linux/t113-i-linux/out/t113/evb1_auto_nand/longan/buildroot/host/opt/ext-toolchain/bin/../lib/gcc/arm-linux-gnueabi -L/home/rpdzkj/fifth/wjy/linux/t113-i-linux/out/t113/evb1_auto_nand/longan/buildroot/host/opt/ext-toolchain/bin/../lib/gcc -L/home/rpdzkj/fifth/wjy/linux/t113-i-linux/out/t113/evb1_auto_nand/longan/buildroot/host/opt/ext-toolchain/bin/../lib/gcc/arm-linux-gnueabi/7.3.1/../../../../arm-linux-gnueabi/lib -L/home/rpdzkj/fifth/wjy/linux/t113-i-linux/out/t113/evb1_auto_nand/longan/buildroot/host/arm-buildroot-linux-gnueabi/sysroot/lib -L/home/rpdzkj/fifth/wjy/linux/t113-i-linux/out/t113/evb1_auto_nand/longan/buildroot/host/arm-buildroot-linux-gnueabi/sysroot/usr/lib CMakeFiles/cmTC_4339f.dir/CMakeCCompilerABI.c.o -lgcc --as-needed -lgcc_s --no-as-needed -lc -lgcc --as-needed -lgcc_s --no-as-needed /home/rpdzkj/fifth/wjy/linux/t113-i-linux/out/t113/evb1_auto_nand/longan/buildroot/host/opt/ext-toolchain/bin/../lib/gcc/arm-linux-gnueabi/7.3.1/crtend.o /home/rpdzkj/fifth/wjy/linux/t113-i-linux/out/t113/evb1_auto_nand/longan/buildroot/host/arm-buildroot-linux-gnueabi/sysroot/usr/lib/crtn.o
COLLECT_GCC_OPTIONS='-mabi=aapcs-linux' '-mfpu=vfpv4-d16' '-marm' '-mfloat-abi=softfp' '-mcpu=cortex-a7' '-D' 'LV_CONF_INCLUDE_SIMPLE' '-I' '/home/rpdzkj/fifth/wjy/linux/t113-i-linux/lvgl8-tina/lv_g2d_test/src' '-v' '-o' 'cmTC_4339f' '-mtls-dialect=gnu'
make[1]: Leaving directory '/home/rpdzkj/fifth/wjy/linux/t113-i-linux/lvgl8-tina/lv_drivers/CMakeFiles/CMakeTmp'



Parsed C implicit include dir info from above output: rv=done
  found start of include info
  found start of implicit include info
    add: [/home/rpdzkj/fifth/wjy/linux/t113-i-linux/lvgl8-tina/lv_g2d_test/src]
    add: [/home/rpdzkj/fifth/wjy/linux/t113-i-linux/out/t113/evb1_auto_nand/longan/buildroot/host/opt/ext-toolchain/bin/../lib/gcc/arm-linux-gnueabi/7.3.1/include]
    add: [/home/rpdzkj/fifth/wjy/linux/t113-i-linux/out/t113/evb1_auto_nand/longan/buildroot/host/opt/ext-toolchain/bin/../lib/gcc/arm-linux-gnueabi/7.3.1/include-fixed]
    add: [/home/rpdzkj/fifth/wjy/linux/t113-i-linux/out/t113/evb1_auto_nand/longan/buildroot/host/opt/ext-toolchain/bin/../lib/gcc/arm-linux-gnueabi/7.3.1/../../../../arm-linux-gnueabi/include]
    add: [/home/rpdzkj/fifth/wjy/linux/t113-i-linux/out/t113/evb1_auto_nand/longan/buildroot/host/arm-buildroot-linux-gnueabi/sysroot/usr/include]
  end of search list found
  collapse include dir [/home/rpdzkj/fifth/wjy/linux/t113-i-linux/lvgl8-tina/lv_g2d_test/src] ==> [/home/rpdzkj/fifth/wjy/linux/t113-i-linux/lvgl8-tina/lv_g2d_test/src]
  collapse include dir [/home/rpdzkj/fifth/wjy/linux/t113-i-linux/out/t113/evb1_auto_nand/longan/buildroot/host/opt/ext-toolchain/bin/../lib/gcc/arm-linux-gnueabi/7.3.1/include] ==> [/home/rpdzkj/fifth/wjy/linux/t113-i-linux/out/t113/evb1_auto_nand/longan/buildroot/host/opt/ext-toolchain/lib/gcc/arm-linux-gnueabi/7.3.1/include]
  collapse include dir [/home/rpdzkj/fifth/wjy/linux/t113-i-linux/out/t113/evb1_auto_nand/longan/buildroot/host/opt/ext-toolchain/bin/../lib/gcc/arm-linux-gnueabi/7.3.1/include-fixed] ==> [/home/rpdzkj/fifth/wjy/linux/t113-i-linux/out/t113/evb1_auto_nand/longan/buildroot/host/opt/ext-toolchain/lib/gcc/arm-linux-gnueabi/7.3.1/include-fixed]
  collapse include dir [/home/rpdzkj/fifth/wjy/linux/t113-i-linux/out/t113/evb1_auto_nand/longan/buildroot/host/opt/ext-toolchain/bin/../lib/gcc/arm-linux-gnueabi/7.3.1/../../../../arm-linux-gnueabi/include] ==> [/home/rpdzkj/fifth/wjy/linux/t113-i-linux/out/t113/evb1_auto_nand/longan/buildroot/host/opt/ext-toolchain/arm-linux-gnueabi/include]
  collapse include dir [/home/rpdzkj/fifth/wjy/linux/t113-i-linux/out/t113/evb1_auto_nand/longan/buildroot/host/arm-buildroot-linux-gnueabi/sysroot/usr/include] ==> [/home/rpdzkj/fifth/wjy/linux/t113-i-linux/out/t113/evb1_auto_nand/longan/buildroot/host/arm-buildroot-linux-gnueabi/sysroot/usr/include]
  implicit include dirs: [/home/rpdzkj/fifth/wjy/linux/t113-i-linux/lvgl8-tina/lv_g2d_test/src;/home/rpdzkj/fifth/wjy/linux/t113-i-linux/out/t113/evb1_auto_nand/longan/buildroot/host/opt/ext-toolchain/lib/gcc/arm-linux-gnueabi/7.3.1/include;/home/rpdzkj/fifth/wjy/linux/t113-i-linux/out/t113/evb1_auto_nand/longan/buildroot/host/opt/ext-toolchain/lib/gcc/arm-linux-gnueabi/7.3.1/include-fixed;/home/rpdzkj/fifth/wjy/linux/t113-i-linux/out/t113/evb1_auto_nand/longan/buildroot/host/opt/ext-toolchain/arm-linux-gnueabi/include;/home/rpdzkj/fifth/wjy/linux/t113-i-linux/out/t113/evb1_auto_nand/longan/buildroot/host/arm-buildroot-linux-gnueabi/sysroot/usr/include]


Parsed C implicit link information from above output:
  link line regex: [^( *|.*[/\])(ld|CMAKE_LINK_STARTFILE-NOTFOUND|([^/\]+-)?ld|collect2)[^/\]*( |$)]
  ignore line: [Change Dir: /home/rpdzkj/fifth/wjy/linux/t113-i-linux/lvgl8-tina/lv_drivers/CMakeFiles/CMakeTmp]
  ignore line: []
  ignore line: [Run Build Command(s):/usr/bin/make cmTC_4339f/fast && /usr/bin/make -f CMakeFiles/cmTC_4339f.dir/build.make CMakeFiles/cmTC_4339f.dir/build]
  ignore line: [make[1]: Entering directory '/home/rpdzkj/fifth/wjy/linux/t113-i-linux/lvgl8-tina/lv_drivers/CMakeFiles/CMakeTmp']
  ignore line: [Building C object CMakeFiles/cmTC_4339f.dir/CMakeCCompilerABI.c.o]
  ignore line: [/home/rpdzkj/fifth/wjy/linux/t113-i-linux/out/t113/evb1_auto_nand/longan/buildroot/host/bin/arm-linux-gnueabi-gcc   -DLV_CONF_INCLUDE_SIMPLE -I /home/rpdzkj/fifth/wjy/linux/t113-i-linux/lvgl8-tina/lv_g2d_test/src    -v -o CMakeFiles/cmTC_4339f.dir/CMakeCCompilerABI.c.o   -c /usr/share/cmake-3.16/Modules/CMakeCCompilerABI.c]
  ignore line: [Using built-in specs.]
  ignore line: [COLLECT_GCC=/home/rpdzkj/fifth/wjy/linux/t113-i-linux/out/t113/evb1_auto_nand/longan/buildroot/host/opt/ext-toolchain/bin/arm-linux-gnueabi-gcc]
  ignore line: [Target: arm-linux-gnueabi]
  ignore line: [Configured with: '/home/tcwg-buildslave/workspace/tcwg-make-release/builder_arch/amd64/label/tcwg-x86_64-build/target/arm-linux-gnueabi/snapshots/gcc.git~linaro-7.3-2018.05/configure' SHELL=/bin/bash --with-mpc=/home/tcwg-buildslave/workspace/tcwg-make-release/builder_arch/amd64/label/tcwg-x86_64-build/target/arm-linux-gnueabi/_build/builds/destdir/x86_64-unknown-linux-gnu --with-mpfr=/home/tcwg-buildslave/workspace/tcwg-make-release/builder_arch/amd64/label/tcwg-x86_64-build/target/arm-linux-gnueabi/_build/builds/destdir/x86_64-unknown-linux-gnu --with-gmp=/home/tcwg-buildslave/workspace/tcwg-make-release/builder_arch/amd64/label/tcwg-x86_64-build/target/arm-linux-gnueabi/_build/builds/destdir/x86_64-unknown-linux-gnu --with-gnu-as --with-gnu-ld --disable-libmudflap --enable-lto --enable-shared --without-included-gettext --enable-nls --with-system-zlib --disable-sjlj-exceptions --enable-gnu-unique-object --enable-linker-build-id --disable-libstdcxx-pch --enable-c99 --enable-clocale=gnu --enable-libstdcxx-debug --enable-long-long --with-cloog=no --with-ppl=no --with-isl=no --disable-multilib --with-float=soft --with-mode=thumb --with-tune=cortex-a9 --with-arch=armv7-a --enable-threads=posix --enable-multiarch --enable-libstdcxx-time=yes --enable-gnu-indirect-function --with-build-sysroot=/home/tcwg-buildslave/workspace/tcwg-make-release/builder_arch/amd64/label/tcwg-x86_64-build/target/arm-linux-gnueabi/_build/sysroots/arm-linux-gnueabi --with-sysroot=/home/tcwg-buildslave/workspace/tcwg-make-release/builder_arch/amd64/label/tcwg-x86_64-build/target/arm-linux-gnueabi/_build/builds/destdir/x86_64-unknown-linux-gnu/arm-linux-gnueabi/libc --enable-checking=release --disable-bootstrap --enable-languages=c,c++,fortran,lto --build=x86_64-unknown-linux-gnu --host=x86_64-unknown-linux-gnu --target=arm-linux-gnueabi --prefix=/home/tcwg-buildslave/workspace/tcwg-make-release/builder_arch/amd64/label/tcwg-x86_64-build/target/arm-linux-gnueabi/_build/builds/destdir/x86_64-unknown-linux-gnu]
  ignore line: [Thread model: posix]
  ignore line: [gcc version 7.3.1 20180425 [linaro-7.3-2018.05 revision d29120a424ecfbc167ef90065c0eeb7f91977701] (Linaro GCC 7.3-2018.05) ]
  ignore line: [COLLECT_GCC_OPTIONS='-mabi=aapcs-linux' '-mfpu=vfpv4-d16' '-marm' '-mfloat-abi=softfp' '-mcpu=cortex-a7' '-D' 'LV_CONF_INCLUDE_SIMPLE' '-I' '/home/rpdzkj/fifth/wjy/linux/t113-i-linux/lvgl8-tina/lv_g2d_test/src' '-v' '-o' 'CMakeFiles/cmTC_4339f.dir/CMakeCCompilerABI.c.o' '-c' '-mtls-dialect=gnu']
  ignore line: [ /home/rpdzkj/fifth/wjy/linux/t113-i-linux/out/t113/evb1_auto_nand/longan/buildroot/host/opt/ext-toolchain/bin/../libexec/gcc/arm-linux-gnueabi/7.3.1/cc1 -quiet -v -I /home/rpdzkj/fifth/wjy/linux/t113-i-linux/lvgl8-tina/lv_g2d_test/src -imultilib . -imultiarch arm-linux-gnueabi -iprefix /home/rpdzkj/fifth/wjy/linux/t113-i-linux/out/t113/evb1_auto_nand/longan/buildroot/host/opt/ext-toolchain/bin/../lib/gcc/arm-linux-gnueabi/7.3.1/ -isysroot /home/rpdzkj/fifth/wjy/linux/t113-i-linux/out/t113/evb1_auto_nand/longan/buildroot/host/arm-buildroot-linux-gnueabi/sysroot -D LV_CONF_INCLUDE_SIMPLE /usr/share/cmake-3.16/Modules/CMakeCCompilerABI.c -quiet -dumpbase CMakeCCompilerABI.c -mabi=aapcs-linux -mfpu=vfpv4-d16 -marm -mfloat-abi=softfp -mcpu=cortex-a7 -mtls-dialect=gnu -auxbase-strip CMakeFiles/cmTC_4339f.dir/CMakeCCompilerABI.c.o -version -o /tmp/ccq7gMCs.s]
  ignore line: [GNU C11 (Linaro GCC 7.3-2018.05) version 7.3.1 20180425 [linaro-7.3-2018.05 revision d29120a424ecfbc167ef90065c0eeb7f91977701] (arm-linux-gnueabi)]
  ignore line: [	compiled by GNU C version 4.8.4  GMP version 6.1.2  MPFR version 3.1.5  MPC version 1.0.3  isl version none]
  ignore line: [GGC heuristics: --param ggc-min-expand=100 --param ggc-min-heapsize=131072]
  ignore line: [ignoring duplicate directory "/home/rpdzkj/fifth/wjy/linux/t113-i-linux/out/t113/evb1_auto_nand/longan/buildroot/host/opt/ext-toolchain/bin/../lib/gcc/../../lib/gcc/arm-linux-gnueabi/7.3.1/include"]
  ignore line: [ignoring nonexistent directory "/home/rpdzkj/fifth/wjy/linux/t113-i-linux/out/t113/evb1_auto_nand/longan/buildroot/host/arm-buildroot-linux-gnueabi/sysroot/usr/local/include/arm-linux-gnueabi"]
  ignore line: [ignoring nonexistent directory "/home/rpdzkj/fifth/wjy/linux/t113-i-linux/out/t113/evb1_auto_nand/longan/buildroot/host/arm-buildroot-linux-gnueabi/sysroot/usr/local/include"]
  ignore line: [ignoring duplicate directory "/home/rpdzkj/fifth/wjy/linux/t113-i-linux/out/t113/evb1_auto_nand/longan/buildroot/host/opt/ext-toolchain/bin/../lib/gcc/../../lib/gcc/arm-linux-gnueabi/7.3.1/include-fixed"]
  ignore line: [ignoring duplicate directory "/home/rpdzkj/fifth/wjy/linux/t113-i-linux/out/t113/evb1_auto_nand/longan/buildroot/host/opt/ext-toolchain/bin/../lib/gcc/../../lib/gcc/arm-linux-gnueabi/7.3.1/../../../../arm-linux-gnueabi/include"]
  ignore line: [ignoring nonexistent directory "/home/rpdzkj/fifth/wjy/linux/t113-i-linux/out/t113/evb1_auto_nand/longan/buildroot/host/arm-buildroot-linux-gnueabi/sysroot/usr/include/arm-linux-gnueabi"]
  ignore line: [#include "..." search starts here:]
  ignore line: [#include <...> search starts here:]
  ignore line: [ /home/rpdzkj/fifth/wjy/linux/t113-i-linux/lvgl8-tina/lv_g2d_test/src]
  ignore line: [ /home/rpdzkj/fifth/wjy/linux/t113-i-linux/out/t113/evb1_auto_nand/longan/buildroot/host/opt/ext-toolchain/bin/../lib/gcc/arm-linux-gnueabi/7.3.1/include]
  ignore line: [ /home/rpdzkj/fifth/wjy/linux/t113-i-linux/out/t113/evb1_auto_nand/longan/buildroot/host/opt/ext-toolchain/bin/../lib/gcc/arm-linux-gnueabi/7.3.1/include-fixed]
  ignore line: [ /home/rpdzkj/fifth/wjy/linux/t113-i-linux/out/t113/evb1_auto_nand/longan/buildroot/host/opt/ext-toolchain/bin/../lib/gcc/arm-linux-gnueabi/7.3.1/../../../../arm-linux-gnueabi/include]
  ignore line: [ /home/rpdzkj/fifth/wjy/linux/t113-i-linux/out/t113/evb1_auto_nand/longan/buildroot/host/arm-buildroot-linux-gnueabi/sysroot/usr/include]
  ignore line: [End of search list.]
  ignore line: [GNU C11 (Linaro GCC 7.3-2018.05) version 7.3.1 20180425 [linaro-7.3-2018.05 revision d29120a424ecfbc167ef90065c0eeb7f91977701] (arm-linux-gnueabi)]
  ignore line: [	compiled by GNU C version 4.8.4  GMP version 6.1.2  MPFR version 3.1.5  MPC version 1.0.3  isl version none]
  ignore line: [GGC heuristics: --param ggc-min-expand=100 --param ggc-min-heapsize=131072]
  ignore line: [Compiler executable checksum: 404974a81fee3312674ecb0f82587bc5]
  ignore line: [COLLECT_GCC_OPTIONS='-mabi=aapcs-linux' '-mfpu=vfpv4-d16' '-marm' '-mfloat-abi=softfp' '-mcpu=cortex-a7' '-D' 'LV_CONF_INCLUDE_SIMPLE' '-I' '/home/rpdzkj/fifth/wjy/linux/t113-i-linux/lvgl8-tina/lv_g2d_test/src' '-v' '-o' 'CMakeFiles/cmTC_4339f.dir/CMakeCCompilerABI.c.o' '-c' '-mtls-dialect=gnu']
  ignore line: [ /home/rpdzkj/fifth/wjy/linux/t113-i-linux/out/t113/evb1_auto_nand/longan/buildroot/host/opt/ext-toolchain/bin/../lib/gcc/arm-linux-gnueabi/7.3.1/../../../../arm-linux-gnueabi/bin/as -v -I /home/rpdzkj/fifth/wjy/linux/t113-i-linux/lvgl8-tina/lv_g2d_test/src -mcpu=cortex-a7 -mfloat-abi=softfp -mfpu=vfpv4-d16 -meabi=5 -o CMakeFiles/cmTC_4339f.dir/CMakeCCompilerABI.c.o /tmp/ccq7gMCs.s]
  ignore line: [GNU assembler version 2.28.2 (arm-linux-gnueabi) using BFD version (Linaro_Binutils-2018.05) 2.28.2.20170706]
  ignore line: [COMPILER_PATH=/home/rpdzkj/fifth/wjy/linux/t113-i-linux/out/t113/evb1_auto_nand/longan/buildroot/host/opt/ext-toolchain/bin/../libexec/gcc/arm-linux-gnueabi/7.3.1/:/home/rpdzkj/fifth/wjy/linux/t113-i-linux/out/t113/evb1_auto_nand/longan/buildroot/host/opt/ext-toolchain/bin/../libexec/gcc/arm-linux-gnueabi/:/home/rpdzkj/fifth/wjy/linux/t113-i-linux/out/t113/evb1_auto_nand/longan/buildroot/host/opt/ext-toolchain/bin/../libexec/gcc/:/home/rpdzkj/fifth/wjy/linux/t113-i-linux/out/t113/evb1_auto_nand/longan/buildroot/host/opt/ext-toolchain/bin/../lib/gcc/arm-linux-gnueabi/7.3.1/../../../../arm-linux-gnueabi/bin/]
  ignore line: [LIBRARY_PATH=/home/rpdzkj/fifth/wjy/linux/t113-i-linux/out/t113/evb1_auto_nand/longan/buildroot/host/opt/ext-toolchain/bin/../lib/gcc/arm-linux-gnueabi/7.3.1/:/home/rpdzkj/fifth/wjy/linux/t113-i-linux/out/t113/evb1_auto_nand/longan/buildroot/host/opt/ext-toolchain/bin/../lib/gcc/arm-linux-gnueabi/:/home/rpdzkj/fifth/wjy/linux/t113-i-linux/out/t113/evb1_auto_nand/longan/buildroot/host/opt/ext-toolchain/bin/../lib/gcc/:/home/rpdzkj/fifth/wjy/linux/t113-i-linux/out/t113/evb1_auto_nand/longan/buildroot/host/opt/ext-toolchain/bin/../lib/gcc/arm-linux-gnueabi/7.3.1/../../../../arm-linux-gnueabi/lib/:/home/rpdzkj/fifth/wjy/linux/t113-i-linux/out/t113/evb1_auto_nand/longan/buildroot/host/arm-buildroot-linux-gnueabi/sysroot/lib/:/home/rpdzkj/fifth/wjy/linux/t113-i-linux/out/t113/evb1_auto_nand/longan/buildroot/host/arm-buildroot-linux-gnueabi/sysroot/usr/lib/]
  ignore line: [COLLECT_GCC_OPTIONS='-mabi=aapcs-linux' '-mfpu=vfpv4-d16' '-marm' '-mfloat-abi=softfp' '-mcpu=cortex-a7' '-D' 'LV_CONF_INCLUDE_SIMPLE' '-I' '/home/rpdzkj/fifth/wjy/linux/t113-i-linux/lvgl8-tina/lv_g2d_test/src' '-v' '-o' 'CMakeFiles/cmTC_4339f.dir/CMakeCCompilerABI.c.o' '-c' '-mtls-dialect=gnu']
  ignore line: [Linking C executable cmTC_4339f]
  ignore line: [/usr/bin/cmake -E cmake_link_script CMakeFiles/cmTC_4339f.dir/link.txt --verbose=1]
  ignore line: [/home/rpdzkj/fifth/wjy/linux/t113-i-linux/out/t113/evb1_auto_nand/longan/buildroot/host/bin/arm-linux-gnueabi-gcc -DLV_CONF_INCLUDE_SIMPLE -I /home/rpdzkj/fifth/wjy/linux/t113-i-linux/lvgl8-tina/lv_g2d_test/src    -v CMakeFiles/cmTC_4339f.dir/CMakeCCompilerABI.c.o  -o cmTC_4339f ]
  ignore line: [Using built-in specs.]
  ignore line: [COLLECT_GCC=/home/rpdzkj/fifth/wjy/linux/t113-i-linux/out/t113/evb1_auto_nand/longan/buildroot/host/opt/ext-toolchain/bin/arm-linux-gnueabi-gcc]
  ignore line: [COLLECT_LTO_WRAPPER=/home/rpdzkj/fifth/wjy/linux/t113-i-linux/out/t113/evb1_auto_nand/longan/buildroot/host/opt/ext-toolchain/bin/../libexec/gcc/arm-linux-gnueabi/7.3.1/lto-wrapper]
  ignore line: [Target: arm-linux-gnueabi]
  ignore line: [Configured with: '/home/tcwg-buildslave/workspace/tcwg-make-release/builder_arch/amd64/label/tcwg-x86_64-build/target/arm-linux-gnueabi/snapshots/gcc.git~linaro-7.3-2018.05/configure' SHELL=/bin/bash --with-mpc=/home/tcwg-buildslave/workspace/tcwg-make-release/builder_arch/amd64/label/tcwg-x86_64-build/target/arm-linux-gnueabi/_build/builds/destdir/x86_64-unknown-linux-gnu --with-mpfr=/home/tcwg-buildslave/workspace/tcwg-make-release/builder_arch/amd64/label/tcwg-x86_64-build/target/arm-linux-gnueabi/_build/builds/destdir/x86_64-unknown-linux-gnu --with-gmp=/home/tcwg-buildslave/workspace/tcwg-make-release/builder_arch/amd64/label/tcwg-x86_64-build/target/arm-linux-gnueabi/_build/builds/destdir/x86_64-unknown-linux-gnu --with-gnu-as --with-gnu-ld --disable-libmudflap --enable-lto --enable-shared --without-included-gettext --enable-nls --with-system-zlib --disable-sjlj-exceptions --enable-gnu-unique-object --enable-linker-build-id --disable-libstdcxx-pch --enable-c99 --enable-clocale=gnu --enable-libstdcxx-debug --enable-long-long --with-cloog=no --with-ppl=no --with-isl=no --disable-multilib --with-float=soft --with-mode=thumb --with-tune=cortex-a9 --with-arch=armv7-a --enable-threads=posix --enable-multiarch --enable-libstdcxx-time=yes --enable-gnu-indirect-function --with-build-sysroot=/home/tcwg-buildslave/workspace/tcwg-make-release/builder_arch/amd64/label/tcwg-x86_64-build/target/arm-linux-gnueabi/_build/sysroots/arm-linux-gnueabi --with-sysroot=/home/tcwg-buildslave/workspace/tcwg-make-release/builder_arch/amd64/label/tcwg-x86_64-build/target/arm-linux-gnueabi/_build/builds/destdir/x86_64-unknown-linux-gnu/arm-linux-gnueabi/libc --enable-checking=release --disable-bootstrap --enable-languages=c,c++,fortran,lto --build=x86_64-unknown-linux-gnu --host=x86_64-unknown-linux-gnu --target=arm-linux-gnueabi --prefix=/home/tcwg-buildslave/workspace/tcwg-make-release/builder_arch/amd64/label/tcwg-x86_64-build/target/arm-linux-gnueabi/_build/builds/destdir/x86_64-unknown-linux-gnu]
  ignore line: [Thread model: posix]
  ignore line: [gcc version 7.3.1 20180425 [linaro-7.3-2018.05 revision d29120a424ecfbc167ef90065c0eeb7f91977701] (Linaro GCC 7.3-2018.05) ]
  ignore line: [COMPILER_PATH=/home/rpdzkj/fifth/wjy/linux/t113-i-linux/out/t113/evb1_auto_nand/longan/buildroot/host/opt/ext-toolchain/bin/../libexec/gcc/arm-linux-gnueabi/7.3.1/:/home/rpdzkj/fifth/wjy/linux/t113-i-linux/out/t113/evb1_auto_nand/longan/buildroot/host/opt/ext-toolchain/bin/../libexec/gcc/arm-linux-gnueabi/:/home/rpdzkj/fifth/wjy/linux/t113-i-linux/out/t113/evb1_auto_nand/longan/buildroot/host/opt/ext-toolchain/bin/../libexec/gcc/:/home/rpdzkj/fifth/wjy/linux/t113-i-linux/out/t113/evb1_auto_nand/longan/buildroot/host/opt/ext-toolchain/bin/../lib/gcc/arm-linux-gnueabi/7.3.1/../../../../arm-linux-gnueabi/bin/]
  ignore line: [LIBRARY_PATH=/home/rpdzkj/fifth/wjy/linux/t113-i-linux/out/t113/evb1_auto_nand/longan/buildroot/host/opt/ext-toolchain/bin/../lib/gcc/arm-linux-gnueabi/7.3.1/:/home/rpdzkj/fifth/wjy/linux/t113-i-linux/out/t113/evb1_auto_nand/longan/buildroot/host/opt/ext-toolchain/bin/../lib/gcc/arm-linux-gnueabi/:/home/rpdzkj/fifth/wjy/linux/t113-i-linux/out/t113/evb1_auto_nand/longan/buildroot/host/opt/ext-toolchain/bin/../lib/gcc/:/home/rpdzkj/fifth/wjy/linux/t113-i-linux/out/t113/evb1_auto_nand/longan/buildroot/host/opt/ext-toolchain/bin/../lib/gcc/arm-linux-gnueabi/7.3.1/../../../../arm-linux-gnueabi/lib/:/home/rpdzkj/fifth/wjy/linux/t113-i-linux/out/t113/evb1_auto_nand/longan/buildroot/host/arm-buildroot-linux-gnueabi/sysroot/lib/:/home/rpdzkj/fifth/wjy/linux/t113-i-linux/out/t113/evb1_auto_nand/longan/buildroot/host/arm-buildroot-linux-gnueabi/sysroot/usr/lib/]
  ignore line: [COLLECT_GCC_OPTIONS='-mabi=aapcs-linux' '-mfpu=vfpv4-d16' '-marm' '-mfloat-abi=softfp' '-mcpu=cortex-a7' '-D' 'LV_CONF_INCLUDE_SIMPLE' '-I' '/home/rpdzkj/fifth/wjy/linux/t113-i-linux/lvgl8-tina/lv_g2d_test/src' '-v' '-o' 'cmTC_4339f' '-mtls-dialect=gnu']
  link line: [ /home/rpdzkj/fifth/wjy/linux/t113-i-linux/out/t113/evb1_auto_nand/longan/buildroot/host/opt/ext-toolchain/bin/../libexec/gcc/arm-linux-gnueabi/7.3.1/collect2 -plugin /home/rpdzkj/fifth/wjy/linux/t113-i-linux/out/t113/evb1_auto_nand/longan/buildroot/host/opt/ext-toolchain/bin/../libexec/gcc/arm-linux-gnueabi/7.3.1/liblto_plugin.so -plugin-opt=/home/rpdzkj/fifth/wjy/linux/t113-i-linux/out/t113/evb1_auto_nand/longan/buildroot/host/opt/ext-toolchain/bin/../libexec/gcc/arm-linux-gnueabi/7.3.1/lto-wrapper -plugin-opt=-fresolution=/tmp/cc2Evsrh.res -plugin-opt=-pass-through=-lgcc -plugin-opt=-pass-through=-lgcc_s -plugin-opt=-pass-through=-lc -plugin-opt=-pass-through=-lgcc -plugin-opt=-pass-through=-lgcc_s --sysroot=/home/rpdzkj/fifth/wjy/linux/t113-i-linux/out/t113/evb1_auto_nand/longan/buildroot/host/arm-buildroot-linux-gnueabi/sysroot --build-id --eh-frame-hdr -dynamic-linker /lib/ld-linux.so.3 -X -m armelf_linux_eabi -o cmTC_4339f /home/rpdzkj/fifth/wjy/linux/t113-i-linux/out/t113/evb1_auto_nand/longan/buildroot/host/arm-buildroot-linux-gnueabi/sysroot/usr/lib/crt1.o /home/rpdzkj/fifth/wjy/linux/t113-i-linux/out/t113/evb1_auto_nand/longan/buildroot/host/arm-buildroot-linux-gnueabi/sysroot/usr/lib/crti.o /home/rpdzkj/fifth/wjy/linux/t113-i-linux/out/t113/evb1_auto_nand/longan/buildroot/host/opt/ext-toolchain/bin/../lib/gcc/arm-linux-gnueabi/7.3.1/crtbegin.o -L/home/rpdzkj/fifth/wjy/linux/t113-i-linux/out/t113/evb1_auto_nand/longan/buildroot/host/opt/ext-toolchain/bin/../lib/gcc/arm-linux-gnueabi/7.3.1 -L/home/rpdzkj/fifth/wjy/linux/t113-i-linux/out/t113/evb1_auto_nand/longan/buildroot/host/opt/ext-toolchain/bin/../lib/gcc/arm-linux-gnueabi -L/home/rpdzkj/fifth/wjy/linux/t113-i-linux/out/t113/evb1_auto_nand/longan/buildroot/host/opt/ext-toolchain/bin/../lib/gcc -L/home/rpdzkj/fifth/wjy/linux/t113-i-linux/out/t113/evb1_auto_nand/longan/buildroot/host/opt/ext-toolchain/bin/../lib/gcc/arm-linux-gnueabi/7.3.1/../../../../arm-linux-gnueabi/lib -L/home/rpdzkj/fifth/wjy/linux/t113-i-linux/out/t113/evb1_auto_nand/longan/buildroot/host/arm-buildroot-linux-gnueabi/sysroot/lib -L/home/rpdzkj/fifth/wjy/linux/t113-i-linux/out/t113/evb1_auto_nand/longan/buildroot/host/arm-buildroot-linux-gnueabi/sysroot/usr/lib CMakeFiles/cmTC_4339f.dir/CMakeCCompilerABI.c.o -lgcc --as-needed -lgcc_s --no-as-needed -lc -lgcc --as-needed -lgcc_s --no-as-needed /home/rpdzkj/fifth/wjy/linux/t113-i-linux/out/t113/evb1_auto_nand/longan/buildroot/host/opt/ext-toolchain/bin/../lib/gcc/arm-linux-gnueabi/7.3.1/crtend.o /home/rpdzkj/fifth/wjy/linux/t113-i-linux/out/t113/evb1_auto_nand/longan/buildroot/host/arm-buildroot-linux-gnueabi/sysroot/usr/lib/crtn.o]
    arg [/home/rpdzkj/fifth/wjy/linux/t113-i-linux/out/t113/evb1_auto_nand/longan/buildroot/host/opt/ext-toolchain/bin/../libexec/gcc/arm-linux-gnueabi/7.3.1/collect2] ==> ignore
    arg [-plugin] ==> ignore
    arg [/home/rpdzkj/fifth/wjy/linux/t113-i-linux/out/t113/evb1_auto_nand/longan/buildroot/host/opt/ext-toolchain/bin/../libexec/gcc/arm-linux-gnueabi/7.3.1/liblto_plugin.so] ==> ignore
    arg [-plugin-opt=/home/rpdzkj/fifth/wjy/linux/t113-i-linux/out/t113/evb1_auto_nand/longan/buildroot/host/opt/ext-toolchain/bin/../libexec/gcc/arm-linux-gnueabi/7.3.1/lto-wrapper] ==> ignore
    arg [-plugin-opt=-fresolution=/tmp/cc2Evsrh.res] ==> ignore
    arg [-plugin-opt=-pass-through=-lgcc] ==> ignore
    arg [-plugin-opt=-pass-through=-lgcc_s] ==> ignore
    arg [-plugin-opt=-pass-through=-lc] ==> ignore
    arg [-plugin-opt=-pass-through=-lgcc] ==> ignore
    arg [-plugin-opt=-pass-through=-lgcc_s] ==> ignore
    arg [--sysroot=/home/rpdzkj/fifth/wjy/linux/t113-i-linux/out/t113/evb1_auto_nand/longan/buildroot/host/arm-buildroot-linux-gnueabi/sysroot] ==> ignore
    arg [--build-id] ==> ignore
    arg [--eh-frame-hdr] ==> ignore
    arg [-dynamic-linker] ==> ignore
    arg [/lib/ld-linux.so.3] ==> ignore
    arg [-X] ==> ignore
    arg [-m] ==> ignore
    arg [armelf_linux_eabi] ==> ignore
    arg [-o] ==> ignore
    arg [cmTC_4339f] ==> ignore
    arg [/home/rpdzkj/fifth/wjy/linux/t113-i-linux/out/t113/evb1_auto_nand/longan/buildroot/host/arm-buildroot-linux-gnueabi/sysroot/usr/lib/crt1.o] ==> ignore
    arg [/home/rpdzkj/fifth/wjy/linux/t113-i-linux/out/t113/evb1_auto_nand/longan/buildroot/host/arm-buildroot-linux-gnueabi/sysroot/usr/lib/crti.o] ==> ignore
    arg [/home/rpdzkj/fifth/wjy/linux/t113-i-linux/out/t113/evb1_auto_nand/longan/buildroot/host/opt/ext-toolchain/bin/../lib/gcc/arm-linux-gnueabi/7.3.1/crtbegin.o] ==> ignore
    arg [-L/home/rpdzkj/fifth/wjy/linux/t113-i-linux/out/t113/evb1_auto_nand/longan/buildroot/host/opt/ext-toolchain/bin/../lib/gcc/arm-linux-gnueabi/7.3.1] ==> dir [/home/rpdzkj/fifth/wjy/linux/t113-i-linux/out/t113/evb1_auto_nand/longan/buildroot/host/opt/ext-toolchain/bin/../lib/gcc/arm-linux-gnueabi/7.3.1]
    arg [-L/home/rpdzkj/fifth/wjy/linux/t113-i-linux/out/t113/evb1_auto_nand/longan/buildroot/host/opt/ext-toolchain/bin/../lib/gcc/arm-linux-gnueabi] ==> dir [/home/rpdzkj/fifth/wjy/linux/t113-i-linux/out/t113/evb1_auto_nand/longan/buildroot/host/opt/ext-toolchain/bin/../lib/gcc/arm-linux-gnueabi]
    arg [-L/home/rpdzkj/fifth/wjy/linux/t113-i-linux/out/t113/evb1_auto_nand/longan/buildroot/host/opt/ext-toolchain/bin/../lib/gcc] ==> dir [/home/rpdzkj/fifth/wjy/linux/t113-i-linux/out/t113/evb1_auto_nand/longan/buildroot/host/opt/ext-toolchain/bin/../lib/gcc]
    arg [-L/home/rpdzkj/fifth/wjy/linux/t113-i-linux/out/t113/evb1_auto_nand/longan/buildroot/host/opt/ext-toolchain/bin/../lib/gcc/arm-linux-gnueabi/7.3.1/../../../../arm-linux-gnueabi/lib] ==> dir [/home/rpdzkj/fifth/wjy/linux/t113-i-linux/out/t113/evb1_auto_nand/longan/buildroot/host/opt/ext-toolchain/bin/../lib/gcc/arm-linux-gnueabi/7.3.1/../../../../arm-linux-gnueabi/lib]
    arg [-L/home/rpdzkj/fifth/wjy/linux/t113-i-linux/out/t113/evb1_auto_nand/longan/buildroot/host/arm-buildroot-linux-gnueabi/sysroot/lib] ==> dir [/home/rpdzkj/fifth/wjy/linux/t113-i-linux/out/t113/evb1_auto_nand/longan/buildroot/host/arm-buildroot-linux-gnueabi/sysroot/lib]
    arg [-L/home/rpdzkj/fifth/wjy/linux/t113-i-linux/out/t113/evb1_auto_nand/longan/buildroot/host/arm-buildroot-linux-gnueabi/sysroot/usr/lib] ==> dir [/home/rpdzkj/fifth/wjy/linux/t113-i-linux/out/t113/evb1_auto_nand/longan/buildroot/host/arm-buildroot-linux-gnueabi/sysroot/usr/lib]
    arg [CMakeFiles/cmTC_4339f.dir/CMakeCCompilerABI.c.o] ==> ignore
    arg [-lgcc] ==> lib [gcc]
    arg [--as-needed] ==> ignore
    arg [-lgcc_s] ==> lib [gcc_s]
    arg [--no-as-needed] ==> ignore
    arg [-lc] ==> lib [c]
    arg [-lgcc] ==> lib [gcc]
    arg [--as-needed] ==> ignore
    arg [-lgcc_s] ==> lib [gcc_s]
    arg [--no-as-needed] ==> ignore
    arg [/home/rpdzkj/fifth/wjy/linux/t113-i-linux/out/t113/evb1_auto_nand/longan/buildroot/host/opt/ext-toolchain/bin/../lib/gcc/arm-linux-gnueabi/7.3.1/crtend.o] ==> ignore
    arg [/home/rpdzkj/fifth/wjy/linux/t113-i-linux/out/t113/evb1_auto_nand/longan/buildroot/host/arm-buildroot-linux-gnueabi/sysroot/usr/lib/crtn.o] ==> ignore
  collapse library dir [/home/rpdzkj/fifth/wjy/linux/t113-i-linux/out/t113/evb1_auto_nand/longan/buildroot/host/opt/ext-toolchain/bin/../lib/gcc/arm-linux-gnueabi/7.3.1] ==> [/home/rpdzkj/fifth/wjy/linux/t113-i-linux/out/t113/evb1_auto_nand/longan/buildroot/host/opt/ext-toolchain/lib/gcc/arm-linux-gnueabi/7.3.1]
  collapse library dir [/home/rpdzkj/fifth/wjy/linux/t113-i-linux/out/t113/evb1_auto_nand/longan/buildroot/host/opt/ext-toolchain/bin/../lib/gcc/arm-linux-gnueabi] ==> [/home/rpdzkj/fifth/wjy/linux/t113-i-linux/out/t113/evb1_auto_nand/longan/buildroot/host/opt/ext-toolchain/lib/gcc/arm-linux-gnueabi]
  collapse library dir [/home/rpdzkj/fifth/wjy/linux/t113-i-linux/out/t113/evb1_auto_nand/longan/buildroot/host/opt/ext-toolchain/bin/../lib/gcc] ==> [/home/rpdzkj/fifth/wjy/linux/t113-i-linux/out/t113/evb1_auto_nand/longan/buildroot/host/opt/ext-toolchain/lib/gcc]
  collapse library dir [/home/rpdzkj/fifth/wjy/linux/t113-i-linux/out/t113/evb1_auto_nand/longan/buildroot/host/opt/ext-toolchain/bin/../lib/gcc/arm-linux-gnueabi/7.3.1/../../../../arm-linux-gnueabi/lib] ==> [/home/rpdzkj/fifth/wjy/linux/t113-i-linux/out/t113/evb1_auto_nand/longan/buildroot/host/opt/ext-toolchain/arm-linux-gnueabi/lib]
  collapse library dir [/home/rpdzkj/fifth/wjy/linux/t113-i-linux/out/t113/evb1_auto_nand/longan/buildroot/host/arm-buildroot-linux-gnueabi/sysroot/lib] ==> [/home/rpdzkj/fifth/wjy/linux/t113-i-linux/out/t113/evb1_auto_nand/longan/buildroot/host/arm-buildroot-linux-gnueabi/sysroot/lib]
  collapse library dir [/home/rpdzkj/fifth/wjy/linux/t113-i-linux/out/t113/evb1_auto_nand/longan/buildroot/host/arm-buildroot-linux-gnueabi/sysroot/usr/lib] ==> [/home/rpdzkj/fifth/wjy/linux/t113-i-linux/out/t113/evb1_auto_nand/longan/buildroot/host/arm-buildroot-linux-gnueabi/sysroot/usr/lib]
  implicit libs: [gcc;gcc_s;c;gcc;gcc_s]
  implicit dirs: [/home/rpdzkj/fifth/wjy/linux/t113-i-linux/out/t113/evb1_auto_nand/longan/buildroot/host/opt/ext-toolchain/lib/gcc/arm-linux-gnueabi/7.3.1;/home/rpdzkj/fifth/wjy/linux/t113-i-linux/out/t113/evb1_auto_nand/longan/buildroot/host/opt/ext-toolchain/lib/gcc/arm-linux-gnueabi;/home/rpdzkj/fifth/wjy/linux/t113-i-linux/out/t113/evb1_auto_nand/longan/buildroot/host/opt/ext-toolchain/lib/gcc;/home/rpdzkj/fifth/wjy/linux/t113-i-linux/out/t113/evb1_auto_nand/longan/buildroot/host/opt/ext-toolchain/arm-linux-gnueabi/lib;/home/rpdzkj/fifth/wjy/linux/t113-i-linux/out/t113/evb1_auto_nand/longan/buildroot/host/arm-buildroot-linux-gnueabi/sysroot/lib;/home/rpdzkj/fifth/wjy/linux/t113-i-linux/out/t113/evb1_auto_nand/longan/buildroot/host/arm-buildroot-linux-gnueabi/sysroot/usr/lib]
  implicit fwks: []


Determining if the CXX compiler works passed with the following output:
Change Dir: /home/rpdzkj/fifth/wjy/linux/t113-i-linux/lvgl8-tina/lv_drivers/CMakeFiles/CMakeTmp

Run Build Command(s):/usr/bin/make cmTC_52da1/fast && /usr/bin/make -f CMakeFiles/cmTC_52da1.dir/build.make CMakeFiles/cmTC_52da1.dir/build
make[1]: Entering directory '/home/rpdzkj/fifth/wjy/linux/t113-i-linux/lvgl8-tina/lv_drivers/CMakeFiles/CMakeTmp'
Building CXX object CMakeFiles/cmTC_52da1.dir/testCXXCompiler.cxx.o
/usr/bin/c++     -o CMakeFiles/cmTC_52da1.dir/testCXXCompiler.cxx.o -c /home/rpdzkj/fifth/wjy/linux/t113-i-linux/lvgl8-tina/lv_drivers/CMakeFiles/CMakeTmp/testCXXCompiler.cxx
Linking CXX executable cmTC_52da1
/usr/bin/cmake -E cmake_link_script CMakeFiles/cmTC_52da1.dir/link.txt --verbose=1
/usr/bin/c++       CMakeFiles/cmTC_52da1.dir/testCXXCompiler.cxx.o  -o cmTC_52da1 
make[1]: Leaving directory '/home/rpdzkj/fifth/wjy/linux/t113-i-linux/lvgl8-tina/lv_drivers/CMakeFiles/CMakeTmp'



Detecting CXX compiler ABI info compiled with the following output:
Change Dir: /home/rpdzkj/fifth/wjy/linux/t113-i-linux/lvgl8-tina/lv_drivers/CMakeFiles/CMakeTmp

Run Build Command(s):/usr/bin/make cmTC_15781/fast && /usr/bin/make -f CMakeFiles/cmTC_15781.dir/build.make CMakeFiles/cmTC_15781.dir/build
make[1]: Entering directory '/home/rpdzkj/fifth/wjy/linux/t113-i-linux/lvgl8-tina/lv_drivers/CMakeFiles/CMakeTmp'
Building CXX object CMakeFiles/cmTC_15781.dir/CMakeCXXCompilerABI.cpp.o
/usr/bin/c++    -v -o CMakeFiles/cmTC_15781.dir/CMakeCXXCompilerABI.cpp.o -c /usr/share/cmake-3.16/Modules/CMakeCXXCompilerABI.cpp
Using built-in specs.
COLLECT_GCC=/usr/bin/c++
OFFLOAD_TARGET_NAMES=nvptx-none:hsa
OFFLOAD_TARGET_DEFAULT=1
Target: x86_64-linux-gnu
Configured with: ../src/configure -v --with-pkgversion='Ubuntu 9.4.0-1ubuntu1~20.04.2' --with-bugurl=file:///usr/share/doc/gcc-9/README.Bugs --enable-languages=c,ada,c++,go,brig,d,fortran,objc,obj-c++,gm2 --prefix=/usr --with-gcc-major-version-only --program-suffix=-9 --program-prefix=x86_64-linux-gnu- --enable-shared --enable-linker-build-id --libexecdir=/usr/lib --without-included-gettext --enable-threads=posix --libdir=/usr/lib --enable-nls --enable-clocale=gnu --enable-libstdcxx-debug --enable-libstdcxx-time=yes --with-default-libstdcxx-abi=new --enable-gnu-unique-object --disable-vtable-verify --enable-plugin --enable-default-pie --with-system-zlib --with-target-system-zlib=auto --enable-objc-gc=auto --enable-multiarch --disable-werror --with-arch-32=i686 --with-abi=m64 --with-multilib-list=m32,m64,mx32 --enable-multilib --with-tune=generic --enable-offload-targets=nvptx-none=/build/gcc-9-9QDOt0/gcc-9-9.4.0/debian/tmp-nvptx/usr,hsa --without-cuda-driver --enable-checking=release --build=x86_64-linux-gnu --host=x86_64-linux-gnu --target=x86_64-linux-gnu
Thread model: posix
gcc version 9.4.0 (Ubuntu 9.4.0-1ubuntu1~20.04.2) 
COLLECT_GCC_OPTIONS='-v' '-o' 'CMakeFiles/cmTC_15781.dir/CMakeCXXCompilerABI.cpp.o' '-c' '-shared-libgcc' '-mtune=generic' '-march=x86-64'
 /usr/lib/gcc/x86_64-linux-gnu/9/cc1plus -quiet -v -imultiarch x86_64-linux-gnu -D_GNU_SOURCE /usr/share/cmake-3.16/Modules/CMakeCXXCompilerABI.cpp -quiet -dumpbase CMakeCXXCompilerABI.cpp -mtune=generic -march=x86-64 -auxbase-strip CMakeFiles/cmTC_15781.dir/CMakeCXXCompilerABI.cpp.o -version -fasynchronous-unwind-tables -fstack-protector-strong -Wformat -Wformat-security -fstack-clash-protection -fcf-protection -o /tmp/ccELZW6y.s
GNU C++14 (Ubuntu 9.4.0-1ubuntu1~20.04.2) version 9.4.0 (x86_64-linux-gnu)
	compiled by GNU C version 9.4.0, GMP version 6.2.0, MPFR version 4.0.2, MPC version 1.1.0, isl version isl-0.22.1-GMP

GGC heuristics: --param ggc-min-expand=100 --param ggc-min-heapsize=131072
ignoring duplicate directory "/usr/include/x86_64-linux-gnu/c++/9"
ignoring nonexistent directory "/usr/local/include/x86_64-linux-gnu"
ignoring nonexistent directory "/usr/lib/gcc/x86_64-linux-gnu/9/include-fixed"
ignoring nonexistent directory "/usr/lib/gcc/x86_64-linux-gnu/9/../../../../x86_64-linux-gnu/include"
#include "..." search starts here:
#include <...> search starts here:
 /usr/include/c++/9
 /usr/include/x86_64-linux-gnu/c++/9
 /usr/include/c++/9/backward
 /usr/lib/gcc/x86_64-linux-gnu/9/include
 /usr/local/include
 /usr/include/x86_64-linux-gnu
 /usr/include
End of search list.
GNU C++14 (Ubuntu 9.4.0-1ubuntu1~20.04.2) version 9.4.0 (x86_64-linux-gnu)
	compiled by GNU C version 9.4.0, GMP version 6.2.0, MPFR version 4.0.2, MPC version 1.1.0, isl version isl-0.22.1-GMP

GGC heuristics: --param ggc-min-expand=100 --param ggc-min-heapsize=131072
Compiler executable checksum: 3d1eba838554fa2348dba760e4770469
COLLECT_GCC_OPTIONS='-v' '-o' 'CMakeFiles/cmTC_15781.dir/CMakeCXXCompilerABI.cpp.o' '-c' '-shared-libgcc' '-mtune=generic' '-march=x86-64'
 as -v --64 -o CMakeFiles/cmTC_15781.dir/CMakeCXXCompilerABI.cpp.o /tmp/ccELZW6y.s
GNU assembler version 2.34 (x86_64-linux-gnu) using BFD version (GNU Binutils for Ubuntu) 2.34
COMPILER_PATH=/usr/lib/gcc/x86_64-linux-gnu/9/:/usr/lib/gcc/x86_64-linux-gnu/9/:/usr/lib/gcc/x86_64-linux-gnu/:/usr/lib/gcc/x86_64-linux-gnu/9/:/usr/lib/gcc/x86_64-linux-gnu/
LIBRARY_PATH=/usr/lib/gcc/x86_64-linux-gnu/9/:/usr/lib/gcc/x86_64-linux-gnu/9/../../../x86_64-linux-gnu/:/usr/lib/gcc/x86_64-linux-gnu/9/../../../../lib/:/lib/x86_64-linux-gnu/:/lib/../lib/:/usr/lib/x86_64-linux-gnu/:/usr/lib/../lib/:/usr/lib/gcc/x86_64-linux-gnu/9/../../../:/lib/:/usr/lib/
COLLECT_GCC_OPTIONS='-v' '-o' 'CMakeFiles/cmTC_15781.dir/CMakeCXXCompilerABI.cpp.o' '-c' '-shared-libgcc' '-mtune=generic' '-march=x86-64'
Linking CXX executable cmTC_15781
/usr/bin/cmake -E cmake_link_script CMakeFiles/cmTC_15781.dir/link.txt --verbose=1
/usr/bin/c++      -v CMakeFiles/cmTC_15781.dir/CMakeCXXCompilerABI.cpp.o  -o cmTC_15781 
Using built-in specs.
COLLECT_GCC=/usr/bin/c++
COLLECT_LTO_WRAPPER=/usr/lib/gcc/x86_64-linux-gnu/9/lto-wrapper
OFFLOAD_TARGET_NAMES=nvptx-none:hsa
OFFLOAD_TARGET_DEFAULT=1
Target: x86_64-linux-gnu
Configured with: ../src/configure -v --with-pkgversion='Ubuntu 9.4.0-1ubuntu1~20.04.2' --with-bugurl=file:///usr/share/doc/gcc-9/README.Bugs --enable-languages=c,ada,c++,go,brig,d,fortran,objc,obj-c++,gm2 --prefix=/usr --with-gcc-major-version-only --program-suffix=-9 --program-prefix=x86_64-linux-gnu- --enable-shared --enable-linker-build-id --libexecdir=/usr/lib --without-included-gettext --enable-threads=posix --libdir=/usr/lib --enable-nls --enable-clocale=gnu --enable-libstdcxx-debug --enable-libstdcxx-time=yes --with-default-libstdcxx-abi=new --enable-gnu-unique-object --disable-vtable-verify --enable-plugin --enable-default-pie --with-system-zlib --with-target-system-zlib=auto --enable-objc-gc=auto --enable-multiarch --disable-werror --with-arch-32=i686 --with-abi=m64 --with-multilib-list=m32,m64,mx32 --enable-multilib --with-tune=generic --enable-offload-targets=nvptx-none=/build/gcc-9-9QDOt0/gcc-9-9.4.0/debian/tmp-nvptx/usr,hsa --without-cuda-driver --enable-checking=release --build=x86_64-linux-gnu --host=x86_64-linux-gnu --target=x86_64-linux-gnu
Thread model: posix
gcc version 9.4.0 (Ubuntu 9.4.0-1ubuntu1~20.04.2) 
COMPILER_PATH=/usr/lib/gcc/x86_64-linux-gnu/9/:/usr/lib/gcc/x86_64-linux-gnu/9/:/usr/lib/gcc/x86_64-linux-gnu/:/usr/lib/gcc/x86_64-linux-gnu/9/:/usr/lib/gcc/x86_64-linux-gnu/
LIBRARY_PATH=/usr/lib/gcc/x86_64-linux-gnu/9/:/usr/lib/gcc/x86_64-linux-gnu/9/../../../x86_64-linux-gnu/:/usr/lib/gcc/x86_64-linux-gnu/9/../../../../lib/:/lib/x86_64-linux-gnu/:/lib/../lib/:/usr/lib/x86_64-linux-gnu/:/usr/lib/../lib/:/usr/lib/gcc/x86_64-linux-gnu/9/../../../:/lib/:/usr/lib/
COLLECT_GCC_OPTIONS='-v' '-o' 'cmTC_15781' '-shared-libgcc' '-mtune=generic' '-march=x86-64'
 /usr/lib/gcc/x86_64-linux-gnu/9/collect2 -plugin /usr/lib/gcc/x86_64-linux-gnu/9/liblto_plugin.so -plugin-opt=/usr/lib/gcc/x86_64-linux-gnu/9/lto-wrapper -plugin-opt=-fresolution=/tmp/ccXyOvzW.res -plugin-opt=-pass-through=-lgcc_s -plugin-opt=-pass-through=-lgcc -plugin-opt=-pass-through=-lc -plugin-opt=-pass-through=-lgcc_s -plugin-opt=-pass-through=-lgcc --build-id --eh-frame-hdr -m elf_x86_64 --hash-style=gnu --as-needed -dynamic-linker /lib64/ld-linux-x86-64.so.2 -pie -z now -z relro -o cmTC_15781 /usr/lib/gcc/x86_64-linux-gnu/9/../../../x86_64-linux-gnu/Scrt1.o /usr/lib/gcc/x86_64-linux-gnu/9/../../../x86_64-linux-gnu/crti.o /usr/lib/gcc/x86_64-linux-gnu/9/crtbeginS.o -L/usr/lib/gcc/x86_64-linux-gnu/9 -L/usr/lib/gcc/x86_64-linux-gnu/9/../../../x86_64-linux-gnu -L/usr/lib/gcc/x86_64-linux-gnu/9/../../../../lib -L/lib/x86_64-linux-gnu -L/lib/../lib -L/usr/lib/x86_64-linux-gnu -L/usr/lib/../lib -L/usr/lib/gcc/x86_64-linux-gnu/9/../../.. CMakeFiles/cmTC_15781.dir/CMakeCXXCompilerABI.cpp.o -lstdc++ -lm -lgcc_s -lgcc -lc -lgcc_s -lgcc /usr/lib/gcc/x86_64-linux-gnu/9/crtendS.o /usr/lib/gcc/x86_64-linux-gnu/9/../../../x86_64-linux-gnu/crtn.o
COLLECT_GCC_OPTIONS='-v' '-o' 'cmTC_15781' '-shared-libgcc' '-mtune=generic' '-march=x86-64'
make[1]: Leaving directory '/home/rpdzkj/fifth/wjy/linux/t113-i-linux/lvgl8-tina/lv_drivers/CMakeFiles/CMakeTmp'



Parsed CXX implicit include dir info from above output: rv=done
  found start of include info
  found start of implicit include info
    add: [/usr/include/c++/9]
    add: [/usr/include/x86_64-linux-gnu/c++/9]
    add: [/usr/include/c++/9/backward]
    add: [/usr/lib/gcc/x86_64-linux-gnu/9/include]
    add: [/usr/local/include]
    add: [/usr/include/x86_64-linux-gnu]
    add: [/usr/include]
  end of search list found
  collapse include dir [/usr/include/c++/9] ==> [/usr/include/c++/9]
  collapse include dir [/usr/include/x86_64-linux-gnu/c++/9] ==> [/usr/include/x86_64-linux-gnu/c++/9]
  collapse include dir [/usr/include/c++/9/backward] ==> [/usr/include/c++/9/backward]
  collapse include dir [/usr/lib/gcc/x86_64-linux-gnu/9/include] ==> [/usr/lib/gcc/x86_64-linux-gnu/9/include]
  collapse include dir [/usr/local/include] ==> [/usr/local/include]
  collapse include dir [/usr/include/x86_64-linux-gnu] ==> [/usr/include/x86_64-linux-gnu]
  collapse include dir [/usr/include] ==> [/usr/include]
  implicit include dirs: [/usr/include/c++/9;/usr/include/x86_64-linux-gnu/c++/9;/usr/include/c++/9/backward;/usr/lib/gcc/x86_64-linux-gnu/9/include;/usr/local/include;/usr/include/x86_64-linux-gnu;/usr/include]


Parsed CXX implicit link information from above output:
  link line regex: [^( *|.*[/\])(ld|CMAKE_LINK_STARTFILE-NOTFOUND|([^/\]+-)?ld|collect2)[^/\]*( |$)]
  ignore line: [Change Dir: /home/rpdzkj/fifth/wjy/linux/t113-i-linux/lvgl8-tina/lv_drivers/CMakeFiles/CMakeTmp]
  ignore line: []
  ignore line: [Run Build Command(s):/usr/bin/make cmTC_15781/fast && /usr/bin/make -f CMakeFiles/cmTC_15781.dir/build.make CMakeFiles/cmTC_15781.dir/build]
  ignore line: [make[1]: Entering directory '/home/rpdzkj/fifth/wjy/linux/t113-i-linux/lvgl8-tina/lv_drivers/CMakeFiles/CMakeTmp']
  ignore line: [Building CXX object CMakeFiles/cmTC_15781.dir/CMakeCXXCompilerABI.cpp.o]
  ignore line: [/usr/bin/c++    -v -o CMakeFiles/cmTC_15781.dir/CMakeCXXCompilerABI.cpp.o -c /usr/share/cmake-3.16/Modules/CMakeCXXCompilerABI.cpp]
  ignore line: [Using built-in specs.]
  ignore line: [COLLECT_GCC=/usr/bin/c++]
  ignore line: [OFFLOAD_TARGET_NAMES=nvptx-none:hsa]
  ignore line: [OFFLOAD_TARGET_DEFAULT=1]
  ignore line: [Target: x86_64-linux-gnu]
  ignore line: [Configured with: ../src/configure -v --with-pkgversion='Ubuntu 9.4.0-1ubuntu1~20.04.2' --with-bugurl=file:///usr/share/doc/gcc-9/README.Bugs --enable-languages=c ada c++ go brig d fortran objc obj-c++ gm2 --prefix=/usr --with-gcc-major-version-only --program-suffix=-9 --program-prefix=x86_64-linux-gnu- --enable-shared --enable-linker-build-id --libexecdir=/usr/lib --without-included-gettext --enable-threads=posix --libdir=/usr/lib --enable-nls --enable-clocale=gnu --enable-libstdcxx-debug --enable-libstdcxx-time=yes --with-default-libstdcxx-abi=new --enable-gnu-unique-object --disable-vtable-verify --enable-plugin --enable-default-pie --with-system-zlib --with-target-system-zlib=auto --enable-objc-gc=auto --enable-multiarch --disable-werror --with-arch-32=i686 --with-abi=m64 --with-multilib-list=m32 m64 mx32 --enable-multilib --with-tune=generic --enable-offload-targets=nvptx-none=/build/gcc-9-9QDOt0/gcc-9-9.4.0/debian/tmp-nvptx/usr hsa --without-cuda-driver --enable-checking=release --build=x86_64-linux-gnu --host=x86_64-linux-gnu --target=x86_64-linux-gnu]
  ignore line: [Thread model: posix]
  ignore line: [gcc version 9.4.0 (Ubuntu 9.4.0-1ubuntu1~20.04.2) ]
  ignore line: [COLLECT_GCC_OPTIONS='-v' '-o' 'CMakeFiles/cmTC_15781.dir/CMakeCXXCompilerABI.cpp.o' '-c' '-shared-libgcc' '-mtune=generic' '-march=x86-64']
  ignore line: [ /usr/lib/gcc/x86_64-linux-gnu/9/cc1plus -quiet -v -imultiarch x86_64-linux-gnu -D_GNU_SOURCE /usr/share/cmake-3.16/Modules/CMakeCXXCompilerABI.cpp -quiet -dumpbase CMakeCXXCompilerABI.cpp -mtune=generic -march=x86-64 -auxbase-strip CMakeFiles/cmTC_15781.dir/CMakeCXXCompilerABI.cpp.o -version -fasynchronous-unwind-tables -fstack-protector-strong -Wformat -Wformat-security -fstack-clash-protection -fcf-protection -o /tmp/ccELZW6y.s]
  ignore line: [GNU C++14 (Ubuntu 9.4.0-1ubuntu1~20.04.2) version 9.4.0 (x86_64-linux-gnu)]
  ignore line: [	compiled by GNU C version 9.4.0  GMP version 6.2.0  MPFR version 4.0.2  MPC version 1.1.0  isl version isl-0.22.1-GMP]
  ignore line: []
  ignore line: [GGC heuristics: --param ggc-min-expand=100 --param ggc-min-heapsize=131072]
  ignore line: [ignoring duplicate directory "/usr/include/x86_64-linux-gnu/c++/9"]
  ignore line: [ignoring nonexistent directory "/usr/local/include/x86_64-linux-gnu"]
  ignore line: [ignoring nonexistent directory "/usr/lib/gcc/x86_64-linux-gnu/9/include-fixed"]
  ignore line: [ignoring nonexistent directory "/usr/lib/gcc/x86_64-linux-gnu/9/../../../../x86_64-linux-gnu/include"]
  ignore line: [#include "..." search starts here:]
  ignore line: [#include <...> search starts here:]
  ignore line: [ /usr/include/c++/9]
  ignore line: [ /usr/include/x86_64-linux-gnu/c++/9]
  ignore line: [ /usr/include/c++/9/backward]
  ignore line: [ /usr/lib/gcc/x86_64-linux-gnu/9/include]
  ignore line: [ /usr/local/include]
  ignore line: [ /usr/include/x86_64-linux-gnu]
  ignore line: [ /usr/include]
  ignore line: [End of search list.]
  ignore line: [GNU C++14 (Ubuntu 9.4.0-1ubuntu1~20.04.2) version 9.4.0 (x86_64-linux-gnu)]
  ignore line: [	compiled by GNU C version 9.4.0  GMP version 6.2.0  MPFR version 4.0.2  MPC version 1.1.0  isl version isl-0.22.1-GMP]
  ignore line: []
  ignore line: [GGC heuristics: --param ggc-min-expand=100 --param ggc-min-heapsize=131072]
  ignore line: [Compiler executable checksum: 3d1eba838554fa2348dba760e4770469]
  ignore line: [COLLECT_GCC_OPTIONS='-v' '-o' 'CMakeFiles/cmTC_15781.dir/CMakeCXXCompilerABI.cpp.o' '-c' '-shared-libgcc' '-mtune=generic' '-march=x86-64']
  ignore line: [ as -v --64 -o CMakeFiles/cmTC_15781.dir/CMakeCXXCompilerABI.cpp.o /tmp/ccELZW6y.s]
  ignore line: [GNU assembler version 2.34 (x86_64-linux-gnu) using BFD version (GNU Binutils for Ubuntu) 2.34]
  ignore line: [COMPILER_PATH=/usr/lib/gcc/x86_64-linux-gnu/9/:/usr/lib/gcc/x86_64-linux-gnu/9/:/usr/lib/gcc/x86_64-linux-gnu/:/usr/lib/gcc/x86_64-linux-gnu/9/:/usr/lib/gcc/x86_64-linux-gnu/]
  ignore line: [LIBRARY_PATH=/usr/lib/gcc/x86_64-linux-gnu/9/:/usr/lib/gcc/x86_64-linux-gnu/9/../../../x86_64-linux-gnu/:/usr/lib/gcc/x86_64-linux-gnu/9/../../../../lib/:/lib/x86_64-linux-gnu/:/lib/../lib/:/usr/lib/x86_64-linux-gnu/:/usr/lib/../lib/:/usr/lib/gcc/x86_64-linux-gnu/9/../../../:/lib/:/usr/lib/]
  ignore line: [COLLECT_GCC_OPTIONS='-v' '-o' 'CMakeFiles/cmTC_15781.dir/CMakeCXXCompilerABI.cpp.o' '-c' '-shared-libgcc' '-mtune=generic' '-march=x86-64']
  ignore line: [Linking CXX executable cmTC_15781]
  ignore line: [/usr/bin/cmake -E cmake_link_script CMakeFiles/cmTC_15781.dir/link.txt --verbose=1]
  ignore line: [/usr/bin/c++      -v CMakeFiles/cmTC_15781.dir/CMakeCXXCompilerABI.cpp.o  -o cmTC_15781 ]
  ignore line: [Using built-in specs.]
  ignore line: [COLLECT_GCC=/usr/bin/c++]
  ignore line: [COLLECT_LTO_WRAPPER=/usr/lib/gcc/x86_64-linux-gnu/9/lto-wrapper]
  ignore line: [OFFLOAD_TARGET_NAMES=nvptx-none:hsa]
  ignore line: [OFFLOAD_TARGET_DEFAULT=1]
  ignore line: [Target: x86_64-linux-gnu]
  ignore line: [Configured with: ../src/configure -v --with-pkgversion='Ubuntu 9.4.0-1ubuntu1~20.04.2' --with-bugurl=file:///usr/share/doc/gcc-9/README.Bugs --enable-languages=c ada c++ go brig d fortran objc obj-c++ gm2 --prefix=/usr --with-gcc-major-version-only --program-suffix=-9 --program-prefix=x86_64-linux-gnu- --enable-shared --enable-linker-build-id --libexecdir=/usr/lib --without-included-gettext --enable-threads=posix --libdir=/usr/lib --enable-nls --enable-clocale=gnu --enable-libstdcxx-debug --enable-libstdcxx-time=yes --with-default-libstdcxx-abi=new --enable-gnu-unique-object --disable-vtable-verify --enable-plugin --enable-default-pie --with-system-zlib --with-target-system-zlib=auto --enable-objc-gc=auto --enable-multiarch --disable-werror --with-arch-32=i686 --with-abi=m64 --with-multilib-list=m32 m64 mx32 --enable-multilib --with-tune=generic --enable-offload-targets=nvptx-none=/build/gcc-9-9QDOt0/gcc-9-9.4.0/debian/tmp-nvptx/usr hsa --without-cuda-driver --enable-checking=release --build=x86_64-linux-gnu --host=x86_64-linux-gnu --target=x86_64-linux-gnu]
  ignore line: [Thread model: posix]
  ignore line: [gcc version 9.4.0 (Ubuntu 9.4.0-1ubuntu1~20.04.2) ]
  ignore line: [COMPILER_PATH=/usr/lib/gcc/x86_64-linux-gnu/9/:/usr/lib/gcc/x86_64-linux-gnu/9/:/usr/lib/gcc/x86_64-linux-gnu/:/usr/lib/gcc/x86_64-linux-gnu/9/:/usr/lib/gcc/x86_64-linux-gnu/]
  ignore line: [LIBRARY_PATH=/usr/lib/gcc/x86_64-linux-gnu/9/:/usr/lib/gcc/x86_64-linux-gnu/9/../../../x86_64-linux-gnu/:/usr/lib/gcc/x86_64-linux-gnu/9/../../../../lib/:/lib/x86_64-linux-gnu/:/lib/../lib/:/usr/lib/x86_64-linux-gnu/:/usr/lib/../lib/:/usr/lib/gcc/x86_64-linux-gnu/9/../../../:/lib/:/usr/lib/]
  ignore line: [COLLECT_GCC_OPTIONS='-v' '-o' 'cmTC_15781' '-shared-libgcc' '-mtune=generic' '-march=x86-64']
  link line: [ /usr/lib/gcc/x86_64-linux-gnu/9/collect2 -plugin /usr/lib/gcc/x86_64-linux-gnu/9/liblto_plugin.so -plugin-opt=/usr/lib/gcc/x86_64-linux-gnu/9/lto-wrapper -plugin-opt=-fresolution=/tmp/ccXyOvzW.res -plugin-opt=-pass-through=-lgcc_s -plugin-opt=-pass-through=-lgcc -plugin-opt=-pass-through=-lc -plugin-opt=-pass-through=-lgcc_s -plugin-opt=-pass-through=-lgcc --build-id --eh-frame-hdr -m elf_x86_64 --hash-style=gnu --as-needed -dynamic-linker /lib64/ld-linux-x86-64.so.2 -pie -z now -z relro -o cmTC_15781 /usr/lib/gcc/x86_64-linux-gnu/9/../../../x86_64-linux-gnu/Scrt1.o /usr/lib/gcc/x86_64-linux-gnu/9/../../../x86_64-linux-gnu/crti.o /usr/lib/gcc/x86_64-linux-gnu/9/crtbeginS.o -L/usr/lib/gcc/x86_64-linux-gnu/9 -L/usr/lib/gcc/x86_64-linux-gnu/9/../../../x86_64-linux-gnu -L/usr/lib/gcc/x86_64-linux-gnu/9/../../../../lib -L/lib/x86_64-linux-gnu -L/lib/../lib -L/usr/lib/x86_64-linux-gnu -L/usr/lib/../lib -L/usr/lib/gcc/x86_64-linux-gnu/9/../../.. CMakeFiles/cmTC_15781.dir/CMakeCXXCompilerABI.cpp.o -lstdc++ -lm -lgcc_s -lgcc -lc -lgcc_s -lgcc /usr/lib/gcc/x86_64-linux-gnu/9/crtendS.o /usr/lib/gcc/x86_64-linux-gnu/9/../../../x86_64-linux-gnu/crtn.o]
    arg [/usr/lib/gcc/x86_64-linux-gnu/9/collect2] ==> ignore
    arg [-plugin] ==> ignore
    arg [/usr/lib/gcc/x86_64-linux-gnu/9/liblto_plugin.so] ==> ignore
    arg [-plugin-opt=/usr/lib/gcc/x86_64-linux-gnu/9/lto-wrapper] ==> ignore
    arg [-plugin-opt=-fresolution=/tmp/ccXyOvzW.res] ==> ignore
    arg [-plugin-opt=-pass-through=-lgcc_s] ==> ignore
    arg [-plugin-opt=-pass-through=-lgcc] ==> ignore
    arg [-plugin-opt=-pass-through=-lc] ==> ignore
    arg [-plugin-opt=-pass-through=-lgcc_s] ==> ignore
    arg [-plugin-opt=-pass-through=-lgcc] ==> ignore
    arg [--build-id] ==> ignore
    arg [--eh-frame-hdr] ==> ignore
    arg [-m] ==> ignore
    arg [elf_x86_64] ==> ignore
    arg [--hash-style=gnu] ==> ignore
    arg [--as-needed] ==> ignore
    arg [-dynamic-linker] ==> ignore
    arg [/lib64/ld-linux-x86-64.so.2] ==> ignore
    arg [-pie] ==> ignore
    arg [-znow] ==> ignore
    arg [-zrelro] ==> ignore
    arg [-o] ==> ignore
    arg [cmTC_15781] ==> ignore
    arg [/usr/lib/gcc/x86_64-linux-gnu/9/../../../x86_64-linux-gnu/Scrt1.o] ==> ignore
    arg [/usr/lib/gcc/x86_64-linux-gnu/9/../../../x86_64-linux-gnu/crti.o] ==> ignore
    arg [/usr/lib/gcc/x86_64-linux-gnu/9/crtbeginS.o] ==> ignore
    arg [-L/usr/lib/gcc/x86_64-linux-gnu/9] ==> dir [/usr/lib/gcc/x86_64-linux-gnu/9]
    arg [-L/usr/lib/gcc/x86_64-linux-gnu/9/../../../x86_64-linux-gnu] ==> dir [/usr/lib/gcc/x86_64-linux-gnu/9/../../../x86_64-linux-gnu]
    arg [-L/usr/lib/gcc/x86_64-linux-gnu/9/../../../../lib] ==> dir [/usr/lib/gcc/x86_64-linux-gnu/9/../../../../lib]
    arg [-L/lib/x86_64-linux-gnu] ==> dir [/lib/x86_64-linux-gnu]
    arg [-L/lib/../lib] ==> dir [/lib/../lib]
    arg [-L/usr/lib/x86_64-linux-gnu] ==> dir [/usr/lib/x86_64-linux-gnu]
    arg [-L/usr/lib/../lib] ==> dir [/usr/lib/../lib]
    arg [-L/usr/lib/gcc/x86_64-linux-gnu/9/../../..] ==> dir [/usr/lib/gcc/x86_64-linux-gnu/9/../../..]
    arg [CMakeFiles/cmTC_15781.dir/CMakeCXXCompilerABI.cpp.o] ==> ignore
    arg [-lstdc++] ==> lib [stdc++]
    arg [-lm] ==> lib [m]
    arg [-lgcc_s] ==> lib [gcc_s]
    arg [-lgcc] ==> lib [gcc]
    arg [-lc] ==> lib [c]
    arg [-lgcc_s] ==> lib [gcc_s]
    arg [-lgcc] ==> lib [gcc]
    arg [/usr/lib/gcc/x86_64-linux-gnu/9/crtendS.o] ==> ignore
    arg [/usr/lib/gcc/x86_64-linux-gnu/9/../../../x86_64-linux-gnu/crtn.o] ==> ignore
  collapse library dir [/usr/lib/gcc/x86_64-linux-gnu/9] ==> [/usr/lib/gcc/x86_64-linux-gnu/9]
  collapse library dir [/usr/lib/gcc/x86_64-linux-gnu/9/../../../x86_64-linux-gnu] ==> [/usr/lib/x86_64-linux-gnu]
  collapse library dir [/usr/lib/gcc/x86_64-linux-gnu/9/../../../../lib] ==> [/usr/lib]
  collapse library dir [/lib/x86_64-linux-gnu] ==> [/lib/x86_64-linux-gnu]
  collapse library dir [/lib/../lib] ==> [/lib]
  collapse library dir [/usr/lib/x86_64-linux-gnu] ==> [/usr/lib/x86_64-linux-gnu]
  collapse library dir [/usr/lib/../lib] ==> [/usr/lib]
  collapse library dir [/usr/lib/gcc/x86_64-linux-gnu/9/../../..] ==> [/usr/lib]
  implicit libs: [stdc++;m;gcc_s;gcc;c;gcc_s;gcc]
  implicit dirs: [/usr/lib/gcc/x86_64-linux-gnu/9;/usr/lib/x86_64-linux-gnu;/usr/lib;/lib/x86_64-linux-gnu;/lib]
  implicit fwks: []


