Compiling the C compiler identification source file "CMakeCCompilerId.c" failed.
Compiler: /home/rpdzkj/fifth/wjy/linux/t113-i-linux/out/t113/evb1_auto_nand/longan/buildroot/host/bin/toolchain-wrapper 
Build flags: -DLV_CONF_INCLUDE_SIMPLE;-I;/home/rpdzkj/fifth/wjy/linux/t113-i-linux/lvgl8-tina/lv_g2d_test/src
Id flags:  

The output was:
2
/home/rpdzkj/fifth/wjy/linux/t113-i-linux/out/t113/evb1_auto_nand/longan/buildroot/host/opt/ext-toolchain/bin/toolchain-wrapper: No such file or directory


Compiling the C compiler identification source file "CMakeCCompilerId.c" failed.
Compiler: /home/rpdzkj/fifth/wjy/linux/t113-i-linux/out/t113/evb1_auto_nand/longan/buildroot/host/bin/toolchain-wrapper 
Build flags: -DLV_CONF_INCLUDE_SIMPLE;-I;/home/rpdzkj/fifth/wjy/linux/t113-i-linux/lvgl8-tina/lv_g2d_test/src
Id flags: -c 

The output was:
2
/home/rpdzkj/fifth/wjy/linux/t113-i-linux/out/t113/evb1_auto_nand/longan/buildroot/host/opt/ext-toolchain/bin/toolchain-wrapper: No such file or directory


Compiling the C compiler identification source file "CMakeCCompilerId.c" failed.
Compiler: /home/rpdzkj/fifth/wjy/linux/t113-i-linux/out/t113/evb1_auto_nand/longan/buildroot/host/bin/toolchain-wrapper 
Build flags: -DLV_CONF_INCLUDE_SIMPLE;-I;/home/rpdzkj/fifth/wjy/linux/t113-i-linux/lvgl8-tina/lv_g2d_test/src
Id flags: -Aa 

The output was:
2
/home/rpdzkj/fifth/wjy/linux/t113-i-linux/out/t113/evb1_auto_nand/longan/buildroot/host/opt/ext-toolchain/bin/toolchain-wrapper: No such file or directory


Compiling the C compiler identification source file "CMakeCCompilerId.c" failed.
Compiler: /home/rpdzkj/fifth/wjy/linux/t113-i-linux/out/t113/evb1_auto_nand/longan/buildroot/host/bin/toolchain-wrapper 
Build flags: -DLV_CONF_INCLUDE_SIMPLE;-I;/home/rpdzkj/fifth/wjy/linux/t113-i-linux/lvgl8-tina/lv_g2d_test/src
Id flags: -D__CLASSIC_C__ 

The output was:
2
/home/rpdzkj/fifth/wjy/linux/t113-i-linux/out/t113/evb1_auto_nand/longan/buildroot/host/opt/ext-toolchain/bin/toolchain-wrapper: No such file or directory


Compiling the C compiler identification source file "CMakeCCompilerId.c" failed.
Compiler: /home/rpdzkj/fifth/wjy/linux/t113-i-linux/out/t113/evb1_auto_nand/longan/buildroot/host/bin/toolchain-wrapper 
Build flags: -DLV_CONF_INCLUDE_SIMPLE;-I;/home/rpdzkj/fifth/wjy/linux/t113-i-linux/lvgl8-tina/lv_g2d_test/src
Id flags: --target=arm-arm-none-eabi;-mcpu=cortex-m3 

The output was:
2
/home/rpdzkj/fifth/wjy/linux/t113-i-linux/out/t113/evb1_auto_nand/longan/buildroot/host/opt/ext-toolchain/bin/toolchain-wrapper: No such file or directory


Compiling the C compiler identification source file "CMakeCCompilerId.c" failed.
Compiler: /home/rpdzkj/fifth/wjy/linux/t113-i-linux/out/t113/evb1_auto_nand/longan/buildroot/host/bin/toolchain-wrapper 
Build flags: 
Id flags:  

The output was:
2
/home/rpdzkj/fifth/wjy/linux/t113-i-linux/out/t113/evb1_auto_nand/longan/buildroot/host/opt/ext-toolchain/bin/toolchain-wrapper: No such file or directory


Compiling the C compiler identification source file "CMakeCCompilerId.c" failed.
Compiler: /home/rpdzkj/fifth/wjy/linux/t113-i-linux/out/t113/evb1_auto_nand/longan/buildroot/host/bin/toolchain-wrapper 
Build flags: 
Id flags: -c 

The output was:
2
/home/rpdzkj/fifth/wjy/linux/t113-i-linux/out/t113/evb1_auto_nand/longan/buildroot/host/opt/ext-toolchain/bin/toolchain-wrapper: No such file or directory


Compiling the C compiler identification source file "CMakeCCompilerId.c" failed.
Compiler: /home/rpdzkj/fifth/wjy/linux/t113-i-linux/out/t113/evb1_auto_nand/longan/buildroot/host/bin/toolchain-wrapper 
Build flags: 
Id flags: -Aa 

The output was:
2
/home/rpdzkj/fifth/wjy/linux/t113-i-linux/out/t113/evb1_auto_nand/longan/buildroot/host/opt/ext-toolchain/bin/toolchain-wrapper: No such file or directory


Compiling the C compiler identification source file "CMakeCCompilerId.c" failed.
Compiler: /home/rpdzkj/fifth/wjy/linux/t113-i-linux/out/t113/evb1_auto_nand/longan/buildroot/host/bin/toolchain-wrapper 
Build flags: 
Id flags: -D__CLASSIC_C__ 

The output was:
2
/home/rpdzkj/fifth/wjy/linux/t113-i-linux/out/t113/evb1_auto_nand/longan/buildroot/host/opt/ext-toolchain/bin/toolchain-wrapper: No such file or directory


Compiling the C compiler identification source file "CMakeCCompilerId.c" failed.
Compiler: /home/rpdzkj/fifth/wjy/linux/t113-i-linux/out/t113/evb1_auto_nand/longan/buildroot/host/bin/toolchain-wrapper 
Build flags: 
Id flags: --target=arm-arm-none-eabi;-mcpu=cortex-m3 

The output was:
2
/home/rpdzkj/fifth/wjy/linux/t113-i-linux/out/t113/evb1_auto_nand/longan/buildroot/host/opt/ext-toolchain/bin/toolchain-wrapper: No such file or directory


Checking whether the C compiler is IAR using "" did not match "IAR .+ Compiler":
/home/rpdzkj/fifth/wjy/linux/t113-i-linux/out/t113/evb1_auto_nand/longan/buildroot/host/opt/ext-toolchain/bin/toolchain-wrapper: No such file or directory
Checking whether the C compiler is IAR using "" did not match "IAR .+ Compiler":
/home/rpdzkj/fifth/wjy/linux/t113-i-linux/out/t113/evb1_auto_nand/longan/buildroot/host/opt/ext-toolchain/bin/toolchain-wrapper: No such file or directory
Determining if the C compiler works failed with the following output:
Change Dir: /home/rpdzkj/fifth/wjy/linux/t113-i-linux/lvgl8-tina/lvgl/CMakeFiles/CMakeTmp

Run Build Command(s):/usr/bin/make cmTC_0308e/fast && /usr/bin/make -f CMakeFiles/cmTC_0308e.dir/build.make CMakeFiles/cmTC_0308e.dir/build
make[1]: Entering directory '/home/rpdzkj/fifth/wjy/linux/t113-i-linux/lvgl8-tina/lvgl/CMakeFiles/CMakeTmp'
Building C object CMakeFiles/cmTC_0308e.dir/testCCompiler.c.o
/home/rpdzkj/fifth/wjy/linux/t113-i-linux/out/t113/evb1_auto_nand/longan/buildroot/host/bin/toolchain-wrapper   -DLV_CONF_INCLUDE_SIMPLE -I /home/rpdzkj/fifth/wjy/linux/t113-i-linux/lvgl8-tina/lv_g2d_test/src    -o CMakeFiles/cmTC_0308e.dir/testCCompiler.c.o   -c /home/rpdzkj/fifth/wjy/linux/t113-i-linux/lvgl8-tina/lvgl/CMakeFiles/CMakeTmp/testCCompiler.c
/home/rpdzkj/fifth/wjy/linux/t113-i-linux/out/t113/evb1_auto_nand/longan/buildroot/host/opt/ext-toolchain/bin/toolchain-wrapper: No such file or directory
make[1]: *** [CMakeFiles/cmTC_0308e.dir/build.make:66: CMakeFiles/cmTC_0308e.dir/testCCompiler.c.o] Error 2
make[1]: Leaving directory '/home/rpdzkj/fifth/wjy/linux/t113-i-linux/lvgl8-tina/lvgl/CMakeFiles/CMakeTmp'
make: *** [Makefile:121: cmTC_0308e/fast] Error 2



